{"/home/travis/build/npmtest/node-npmtest-grunt-typescript/test.js":{"path":"/home/travis/build/npmtest/node-npmtest-grunt-typescript/test.js","s":{"1":2,"2":2,"3":2,"4":2,"5":2,"6":2,"7":2,"8":1,"9":2,"10":2,"11":1,"12":1,"13":1,"14":1,"15":2,"16":2,"17":2,"18":2,"19":1,"20":1,"21":2,"22":2,"23":2,"24":1,"25":1,"26":1,"27":1,"28":1,"29":1,"30":1,"31":1,"32":1,"33":1,"34":1,"35":1,"36":1,"37":1,"38":1,"39":2,"40":2,"41":1,"42":2,"43":2,"44":1,"45":2,"46":2,"47":1,"48":2,"49":2,"50":1,"51":1,"52":1,"53":1,"54":1},"b":{"1":[2,1,1,1],"2":[1,1,1,1],"3":[1,1],"4":[1,1],"5":[1,1],"6":[1,1],"7":[1,1],"8":[1,1],"9":[1,1],"10":[1,1,1],"11":[1,1],"12":[1,1],"13":[1,1],"14":[1,1],"15":[1,1],"16":[1,1],"17":[1,1]},"f":{"1":2,"2":2,"3":2,"4":2,"5":2,"6":1,"7":1,"8":1,"9":2,"10":2,"11":2,"12":2,"13":1},"fnMap":{"1":{"name":"(anonymous_1)","line":12,"loc":{"start":{"line":12,"column":1},"end":{"line":12,"column":13}}},"2":{"name":"(anonymous_2)","line":19,"loc":{"start":{"line":19,"column":5},"end":{"line":19,"column":17}}},"3":{"name":"(anonymous_3)","line":23,"loc":{"start":{"line":23,"column":24},"end":{"line":23,"column":36}}},"4":{"name":"(anonymous_4)","line":61,"loc":{"start":{"line":61,"column":5},"end":{"line":61,"column":17}}},"5":{"name":"(anonymous_5)","line":82,"loc":{"start":{"line":82,"column":5},"end":{"line":82,"column":17}}},"6":{"name":"(anonymous_6)","line":91,"loc":{"start":{"line":91,"column":77},"end":{"line":94,"column":10}}},"7":{"name":"(anonymous_7)","line":112,"loc":{"start":{"line":112,"column":83},"end":{"line":115,"column":10}},"skip":true},"8":{"name":"(anonymous_8)","line":123,"loc":{"start":{"line":123,"column":77},"end":{"line":126,"column":10}},"skip":true},"9":{"name":"(anonymous_9)","line":139,"loc":{"start":{"line":139,"column":12},"end":{"line":139,"column":40}},"skip":true},"10":{"name":"(anonymous_10)","line":147,"loc":{"start":{"line":147,"column":77},"end":{"line":150,"column":10}},"skip":true},"11":{"name":"(anonymous_11)","line":158,"loc":{"start":{"line":158,"column":83},"end":{"line":161,"column":10}},"skip":true},"12":{"name":"(anonymous_12)","line":169,"loc":{"start":{"line":169,"column":79},"end":{"line":172,"column":10}},"skip":true},"13":{"name":"(anonymous_13)","line":180,"loc":{"start":{"line":180,"column":75},"end":{"line":183,"column":10}},"skip":true}},"statementMap":{"1":{"start":{"line":12,"column":0},"end":{"line":195,"column":5}},"2":{"start":{"line":14,"column":4},"end":{"line":14,"column":14}},"3":{"start":{"line":19,"column":4},"end":{"line":56,"column":9}},"4":{"start":{"line":21,"column":8},"end":{"line":21,"column":19}},"5":{"start":{"line":23,"column":8},"end":{"line":35,"column":13}},"6":{"start":{"line":24,"column":12},"end":{"line":34,"column":13}},"7":{"start":{"line":25,"column":16},"end":{"line":28,"column":30}},"8":{"start":{"line":30,"column":16},"end":{"line":33,"column":27}},"9":{"start":{"line":37,"column":8},"end":{"line":39,"column":21}},"10":{"start":{"line":40,"column":8},"end":{"line":53,"column":9}},"11":{"start":{"line":43,"column":12},"end":{"line":46,"column":14}},"12":{"start":{"line":47,"column":12},"end":{"line":47,"column":18}},"13":{"start":{"line":50,"column":12},"end":{"line":51,"column":46}},"14":{"start":{"line":52,"column":12},"end":{"line":52,"column":18}},"15":{"start":{"line":55,"column":8},"end":{"line":55,"column":35}},"16":{"start":{"line":61,"column":4},"end":{"line":63,"column":9}},"17":{"start":{"line":62,"column":8},"end":{"line":62,"column":15}},"18":{"start":{"line":64,"column":4},"end":{"line":77,"column":5}},"19":{"start":{"line":70,"column":8},"end":{"line":70,"column":14}},"20":{"start":{"line":76,"column":8},"end":{"line":76,"column":14}},"21":{"start":{"line":82,"column":4},"end":{"line":84,"column":9}},"22":{"start":{"line":83,"column":8},"end":{"line":83,"column":15}},"23":{"start":{"line":85,"column":4},"end":{"line":194,"column":5}},"24":{"start":{"line":91,"column":8},"end":{"line":99,"column":10}},"25":{"start":{"line":98,"column":12},"end":{"line":98,"column":35}},"26":{"start":{"line":102,"column":8},"end":{"line":104,"column":63}},"27":{"start":{"line":105,"column":8},"end":{"line":105,"column":14}},"28":{"start":{"line":112,"column":8},"end":{"line":121,"column":10},"skip":true},"29":{"start":{"line":119,"column":12},"end":{"line":119,"column":55},"skip":true},"30":{"start":{"line":120,"column":12},"end":{"line":120,"column":48},"skip":true},"31":{"start":{"line":123,"column":8},"end":{"line":136,"column":10},"skip":true},"32":{"start":{"line":130,"column":12},"end":{"line":130,"column":76},"skip":true},"33":{"start":{"line":131,"column":12},"end":{"line":131,"column":73},"skip":true},"34":{"start":{"line":132,"column":12},"end":{"line":132,"column":74},"skip":true},"35":{"start":{"line":133,"column":12},"end":{"line":133,"column":79},"skip":true},"36":{"start":{"line":134,"column":12},"end":{"line":134,"column":25},"skip":true},"37":{"start":{"line":135,"column":12},"end":{"line":135,"column":45},"skip":true},"38":{"start":{"line":138,"column":8},"end":{"line":145,"column":14},"skip":true},"39":{"start":{"line":143,"column":16},"end":{"line":143,"column":29},"skip":true},"40":{"start":{"line":144,"column":16},"end":{"line":144,"column":55},"skip":true},"41":{"start":{"line":147,"column":8},"end":{"line":156,"column":10},"skip":true},"42":{"start":{"line":154,"column":12},"end":{"line":154,"column":25},"skip":true},"43":{"start":{"line":155,"column":12},"end":{"line":155,"column":45},"skip":true},"44":{"start":{"line":158,"column":8},"end":{"line":167,"column":10},"skip":true},"45":{"start":{"line":165,"column":12},"end":{"line":165,"column":25},"skip":true},"46":{"start":{"line":166,"column":12},"end":{"line":166,"column":48},"skip":true},"47":{"start":{"line":169,"column":8},"end":{"line":178,"column":10},"skip":true},"48":{"start":{"line":176,"column":12},"end":{"line":176,"column":25},"skip":true},"49":{"start":{"line":177,"column":12},"end":{"line":177,"column":46},"skip":true},"50":{"start":{"line":180,"column":8},"end":{"line":189,"column":10},"skip":true},"51":{"start":{"line":187,"column":12},"end":{"line":187,"column":94},"skip":true},"52":{"start":{"line":188,"column":12},"end":{"line":188,"column":48},"skip":true},"53":{"start":{"line":192,"column":8},"end":{"line":192,"column":35},"skip":true},"54":{"start":{"line":193,"column":8},"end":{"line":193,"column":14},"skip":true}},"branchMap":{"1":{"line":25,"type":"binary-expr","locations":[{"start":{"line":25,"column":23},"end":{"line":25,"column":62}},{"start":{"line":26,"column":20},"end":{"line":26,"column":70}},{"start":{"line":27,"column":20},"end":{"line":27,"column":71}},{"start":{"line":28,"column":20},"end":{"line":28,"column":29}}]},"2":{"line":30,"type":"binary-expr","locations":[{"start":{"line":30,"column":23},"end":{"line":30,"column":37}},{"start":{"line":31,"column":20},"end":{"line":31,"column":61}},{"start":{"line":32,"column":20},"end":{"line":32,"column":70}},{"start":{"line":33,"column":20},"end":{"line":33,"column":26}}]},"3":{"line":37,"type":"cond-expr","locations":[{"start":{"line":38,"column":14},"end":{"line":38,"column":20}},{"start":{"line":39,"column":14},"end":{"line":39,"column":20}}]},"4":{"line":40,"type":"switch","locations":[{"start":{"line":42,"column":8},"end":{"line":47,"column":18}},{"start":{"line":49,"column":8},"end":{"line":52,"column":18}}]},"5":{"line":44,"type":"binary-expr","locations":[{"start":{"line":44,"column":16},"end":{"line":44,"column":44}},{"start":{"line":44,"column":48},"end":{"line":44,"column":66}}]},"6":{"line":50,"type":"binary-expr","locations":[{"start":{"line":50,"column":21},"end":{"line":50,"column":49}},{"start":{"line":50,"column":53},"end":{"line":50,"column":72}}]},"7":{"line":64,"type":"switch","locations":[{"start":{"line":69,"column":4},"end":{"line":70,"column":14}},{"start":{"line":75,"column":4},"end":{"line":76,"column":14}}]},"8":{"line":85,"type":"switch","locations":[{"start":{"line":90,"column":4},"end":{"line":105,"column":14}},{"start":{"line":111,"column":4},"end":{"line":193,"column":14},"skip":true}]},"9":{"line":91,"type":"binary-expr","locations":[{"start":{"line":91,"column":42},"end":{"line":91,"column":73}},{"start":{"line":91,"column":77},"end":{"line":99,"column":9}}]},"10":{"line":102,"type":"binary-expr","locations":[{"start":{"line":102,"column":18},"end":{"line":102,"column":32}},{"start":{"line":103,"column":12},"end":{"line":103,"column":53}},{"start":{"line":104,"column":12},"end":{"line":104,"column":61}}]},"11":{"line":112,"type":"binary-expr","locations":[{"start":{"line":112,"column":45},"end":{"line":112,"column":79},"skip":true},{"start":{"line":112,"column":83},"end":{"line":121,"column":9},"skip":true}]},"12":{"line":123,"type":"binary-expr","locations":[{"start":{"line":123,"column":42},"end":{"line":123,"column":73},"skip":true},{"start":{"line":123,"column":77},"end":{"line":136,"column":9},"skip":true}]},"13":{"line":138,"type":"binary-expr","locations":[{"start":{"line":138,"column":48},"end":{"line":138,"column":85},"skip":true},{"start":{"line":139,"column":12},"end":{"line":145,"column":13},"skip":true}]},"14":{"line":147,"type":"binary-expr","locations":[{"start":{"line":147,"column":42},"end":{"line":147,"column":73},"skip":true},{"start":{"line":147,"column":77},"end":{"line":156,"column":9},"skip":true}]},"15":{"line":158,"type":"binary-expr","locations":[{"start":{"line":158,"column":45},"end":{"line":158,"column":79},"skip":true},{"start":{"line":158,"column":83},"end":{"line":167,"column":9},"skip":true}]},"16":{"line":169,"type":"binary-expr","locations":[{"start":{"line":169,"column":43},"end":{"line":169,"column":75},"skip":true},{"start":{"line":169,"column":79},"end":{"line":178,"column":9},"skip":true}]},"17":{"line":180,"type":"binary-expr","locations":[{"start":{"line":180,"column":41},"end":{"line":180,"column":71},"skip":true},{"start":{"line":180,"column":75},"end":{"line":189,"column":9},"skip":true}]}},"code":["/* istanbul instrument in package npmtest_grunt_typescript */","/*jslint","    bitwise: true,","    browser: true,","    maxerr: 8,","    maxlen: 96,","    node: true,","    nomen: true,","    regexp: true,","    stupid: true","*/","(function () {","    'use strict';","    var local;","","","","    // run shared js-env code - pre-init","    (function () {","        // init local","        local = {};","        // init modeJs","        local.modeJs = (function () {","            try {","                return typeof navigator.userAgent === 'string' &&","                    typeof document.querySelector('body') === 'object' &&","                    typeof XMLHttpRequest.prototype.open === 'function' &&","                    'browser';","            } catch (errorCaughtBrowser) {","                return module.exports &&","                    typeof process.versions.node === 'string' &&","                    typeof require('http').createServer === 'function' &&","                    'node';","            }","        }());","        // init global","        local.global = local.modeJs === 'browser'","            ? window","            : global;","        switch (local.modeJs) {","        // re-init local from window.local","        case 'browser':","            local = local.global.utility2.objectSetDefault(","                local.global.utility2_rollup || local.global.local,","                local.global.utility2","            );","            break;","        // re-init local from example.js","        case 'node':","            local = (local.global.utility2_rollup || require('utility2'))","                .requireExampleJsFromReadme();","            break;","        }","        // export local","        local.global.local = local;","    }());","","","","    // run shared js-env code - function","    (function () {","        return;","    }());","    switch (local.modeJs) {","","","","    // run browser js-env code - function","    case 'browser':","        break;","","","","    // run node js-env code - function","    case 'node':","        break;","    }","","","","    // run shared js-env code - post-init","    (function () {","        return;","    }());","    switch (local.modeJs) {","","","","    // run browser js-env code - post-init","    case 'browser':","        local.testCase_browser_nullCase = local.testCase_browser_nullCase || function (","            options,","            onError","        ) {","        /*","         * this function will test browsers's null-case handling-behavior-behavior","         */","            onError(null, options);","        };","","        // run tests","        local.nop(local.modeTest &&","            document.querySelector('#testRunButton1') &&","            document.querySelector('#testRunButton1').click());","        break;","","","","    // run node js-env code - post-init","    /* istanbul ignore next */","    case 'node':","        local.testCase_buildApidoc_default = local.testCase_buildApidoc_default || function (","            options,","            onError","        ) {","        /*","         * this function will test buildApidoc's default handling-behavior-behavior","         */","            options = { modulePathList: module.paths };","            local.buildApidoc(options, onError);","        };","","        local.testCase_buildApp_default = local.testCase_buildApp_default || function (","            options,","            onError","        ) {","        /*","         * this function will test buildApp's default handling-behavior-behavior","         */","            local.testCase_buildReadme_default(options, local.onErrorThrow);","            local.testCase_buildLib_default(options, local.onErrorThrow);","            local.testCase_buildTest_default(options, local.onErrorThrow);","            local.testCase_buildCustomOrg_default(options, local.onErrorThrow);","            options = [];","            local.buildApp(options, onError);","        };","","        local.testCase_buildCustomOrg_default = local.testCase_buildCustomOrg_default ||","            function (options, onError) {","            /*","             * this function will test buildCustomOrg's default handling-behavior","             */","                options = {};","                local.buildCustomOrg(options, onError);","            };","","        local.testCase_buildLib_default = local.testCase_buildLib_default || function (","            options,","            onError","        ) {","        /*","         * this function will test buildLib's default handling-behavior","         */","            options = {};","            local.buildLib(options, onError);","        };","","        local.testCase_buildReadme_default = local.testCase_buildReadme_default || function (","            options,","            onError","        ) {","        /*","         * this function will test buildReadme's default handling-behavior-behavior","         */","            options = {};","            local.buildReadme(options, onError);","        };","","        local.testCase_buildTest_default = local.testCase_buildTest_default || function (","            options,","            onError","        ) {","        /*","         * this function will test buildTest's default handling-behavior","         */","            options = {};","            local.buildTest(options, onError);","        };","","        local.testCase_webpage_default = local.testCase_webpage_default || function (","            options,","            onError","        ) {","        /*","         * this function will test webpage's default handling-behavior","         */","            options = { modeCoverageMerge: true, url: local.serverLocalHost + '?modeTest=1' };","            local.browserTest(options, onError);","        };","","        // run test-server","        local.testRunServer(local);","        break;","    }","}());",""],"l":{"12":2,"14":2,"19":2,"21":2,"23":2,"24":2,"25":2,"30":1,"37":2,"40":2,"43":1,"47":1,"50":1,"52":1,"55":2,"61":2,"62":2,"64":2,"70":1,"76":1,"82":2,"83":2,"85":2,"91":1,"98":1,"102":1,"105":1,"112":1,"119":1,"120":1,"123":1,"130":1,"131":1,"132":1,"133":1,"134":1,"135":1,"138":1,"143":2,"144":2,"147":1,"154":2,"155":2,"158":1,"165":2,"166":2,"169":1,"176":2,"177":2,"180":1,"187":1,"188":1,"192":1,"193":1}},"/home/travis/build/npmtest/node-npmtest-grunt-typescript/lib.npmtest_grunt_typescript.js":{"path":"/home/travis/build/npmtest/node-npmtest-grunt-typescript/lib.npmtest_grunt_typescript.js","s":{"1":2,"2":2,"3":2,"4":2,"5":2,"6":2,"7":2,"8":1,"9":2,"10":2,"11":2,"12":2,"13":1,"14":1,"15":1,"16":1},"b":{"1":[2,1,1,1],"2":[1,1,1,1],"3":[1,1],"4":[2,2],"5":[1,1]},"f":{"1":2,"2":2,"3":2},"fnMap":{"1":{"name":"(anonymous_1)","line":12,"loc":{"start":{"line":12,"column":1},"end":{"line":12,"column":13}}},"2":{"name":"(anonymous_2)","line":19,"loc":{"start":{"line":19,"column":5},"end":{"line":19,"column":17}}},"3":{"name":"(anonymous_3)","line":23,"loc":{"start":{"line":23,"column":24},"end":{"line":23,"column":36}}}},"statementMap":{"1":{"start":{"line":12,"column":0},"end":{"line":53,"column":5}},"2":{"start":{"line":14,"column":4},"end":{"line":14,"column":14}},"3":{"start":{"line":19,"column":4},"end":{"line":52,"column":9}},"4":{"start":{"line":21,"column":8},"end":{"line":21,"column":19}},"5":{"start":{"line":23,"column":8},"end":{"line":35,"column":13}},"6":{"start":{"line":24,"column":12},"end":{"line":34,"column":13}},"7":{"start":{"line":25,"column":16},"end":{"line":28,"column":30}},"8":{"start":{"line":30,"column":16},"end":{"line":33,"column":27}},"9":{"start":{"line":37,"column":8},"end":{"line":39,"column":21}},"10":{"start":{"line":41,"column":8},"end":{"line":41,"column":54}},"11":{"start":{"line":43,"column":8},"end":{"line":43,"column":61}},"12":{"start":{"line":45,"column":8},"end":{"line":51,"column":9}},"13":{"start":{"line":46,"column":12},"end":{"line":46,"column":67}},"14":{"start":{"line":48,"column":12},"end":{"line":48,"column":35}},"15":{"start":{"line":49,"column":12},"end":{"line":49,"column":49}},"16":{"start":{"line":50,"column":12},"end":{"line":50,"column":43}}},"branchMap":{"1":{"line":25,"type":"binary-expr","locations":[{"start":{"line":25,"column":23},"end":{"line":25,"column":62}},{"start":{"line":26,"column":20},"end":{"line":26,"column":70}},{"start":{"line":27,"column":20},"end":{"line":27,"column":71}},{"start":{"line":28,"column":20},"end":{"line":28,"column":29}}]},"2":{"line":30,"type":"binary-expr","locations":[{"start":{"line":30,"column":23},"end":{"line":30,"column":37}},{"start":{"line":31,"column":20},"end":{"line":31,"column":61}},{"start":{"line":32,"column":20},"end":{"line":32,"column":70}},{"start":{"line":33,"column":20},"end":{"line":33,"column":26}}]},"3":{"line":37,"type":"cond-expr","locations":[{"start":{"line":38,"column":14},"end":{"line":38,"column":20}},{"start":{"line":39,"column":14},"end":{"line":39,"column":20}}]},"4":{"line":41,"type":"binary-expr","locations":[{"start":{"line":41,"column":16},"end":{"line":41,"column":44}},{"start":{"line":41,"column":48},"end":{"line":41,"column":53}}]},"5":{"line":45,"type":"if","locations":[{"start":{"line":45,"column":8},"end":{"line":45,"column":8}},{"start":{"line":45,"column":8},"end":{"line":45,"column":8}}]}},"code":["/* istanbul instrument in package npmtest_grunt_typescript */","/*jslint","    bitwise: true,","    browser: true,","    maxerr: 8,","    maxlen: 96,","    node: true,","    nomen: true,","    regexp: true,","    stupid: true","*/","(function () {","    'use strict';","    var local;","","","","    // run shared js-env code - pre-init","    (function () {","        // init local","        local = {};","        // init modeJs","        local.modeJs = (function () {","            try {","                return typeof navigator.userAgent === 'string' &&","                    typeof document.querySelector('body') === 'object' &&","                    typeof XMLHttpRequest.prototype.open === 'function' &&","                    'browser';","            } catch (errorCaughtBrowser) {","                return module.exports &&","                    typeof process.versions.node === 'string' &&","                    typeof require('http').createServer === 'function' &&","                    'node';","            }","        }());","        // init global","        local.global = local.modeJs === 'browser'","            ? window","            : global;","        // init utility2_rollup","        local = local.global.utility2_rollup || local;","        // init lib","        local.local = local.npmtest_grunt_typescript = local;","        // init exports","        if (local.modeJs === 'browser') {","            local.global.utility2_npmtest_grunt_typescript = local;","        } else {","            module.exports = local;","            module.exports.__dirname = __dirname;","            module.exports.module = module;","        }","    }());","}());",""],"l":{"12":2,"14":2,"19":2,"21":2,"23":2,"24":2,"25":2,"30":1,"37":2,"41":2,"43":2,"45":2,"46":1,"48":1,"49":1,"50":1}},"/home/travis/build/npmtest/node-npmtest-grunt-typescript/example.js":{"path":"/home/travis/build/npmtest/node-npmtest-grunt-typescript/example.js","s":{"1":2,"2":2,"3":2,"4":2,"5":2,"6":2,"7":2,"8":1,"9":2,"10":2,"11":2,"12":2,"13":1,"14":2,"15":2,"16":2,"17":2,"18":2,"19":0,"20":2,"21":1,"22":1,"23":1,"24":1,"25":1,"26":0,"27":0,"28":1,"29":1,"30":2,"31":0,"32":0,"33":0,"34":1,"35":2,"36":2,"37":3,"38":3,"39":3,"40":3,"41":0,"42":3,"43":3,"44":3,"45":1,"46":3,"47":1,"48":1,"49":1,"50":1,"51":1,"52":1,"53":1,"54":1,"55":1,"56":1,"57":0,"58":1,"59":6,"60":6,"61":1,"62":2,"63":0,"64":2,"65":1,"66":1,"67":0,"68":0,"69":0,"70":0,"71":0,"72":0,"73":0,"74":0,"75":0,"76":0,"77":0,"78":0,"79":0,"80":0,"81":0,"82":0,"83":0},"b":{"1":[2,1,1,1],"2":[1,1,1,1],"3":[1,1],"4":[2,2],"5":[1,1],"6":[1,1],"7":[2,0],"8":[2,1,1,1,1,1],"9":[0,2,0],"10":[1,1],"11":[2,1,1],"12":[1,0],"13":[0,2],"14":[2,0,0,0,0,0,0],"15":[0,3],"16":[3,0],"17":[1,1],"18":[0,1],"19":[1,2,0,2],"20":[1,0],"21":[1,1],"22":[0,0],"23":[0,0],"24":[0,0],"25":[0,0],"26":[0,0],"27":[0,0],"28":[0,0]},"f":{"1":2,"2":2,"3":2,"4":2,"5":2,"6":2,"7":3,"8":3,"9":3,"10":1,"11":6,"12":0},"fnMap":{"1":{"name":"(anonymous_1)","line":26,"loc":{"start":{"line":26,"column":1},"end":{"line":26,"column":13}}},"2":{"name":"(anonymous_2)","line":33,"loc":{"start":{"line":33,"column":5},"end":{"line":33,"column":17}}},"3":{"name":"(anonymous_3)","line":37,"loc":{"start":{"line":37,"column":24},"end":{"line":37,"column":36}}},"4":{"name":"(anonymous_4)","line":69,"loc":{"start":{"line":69,"column":31},"end":{"line":69,"column":48}},"skip":true},"5":{"name":"(anonymous_5)","line":78,"loc":{"start":{"line":78,"column":26},"end":{"line":78,"column":45}},"skip":true},"6":{"name":"(anonymous_6)","line":123,"loc":{"start":{"line":123,"column":33},"end":{"line":123,"column":48}},"skip":true},"7":{"name":"(anonymous_7)","line":125,"loc":{"start":{"line":125,"column":27},"end":{"line":125,"column":39}},"skip":true},"8":{"name":"(anonymous_8)","line":133,"loc":{"start":{"line":133,"column":59},"end":{"line":133,"column":74}},"skip":true},"9":{"name":"(anonymous_9)","line":143,"loc":{"start":{"line":143,"column":45},"end":{"line":143,"column":62}},"skip":true},"10":{"name":"(anonymous_10)","line":144,"loc":{"start":{"line":144,"column":73},"end":{"line":144,"column":92}},"skip":true},"11":{"name":"(anonymous_11)","line":272,"loc":{"start":{"line":272,"column":51},"end":{"line":272,"column":77}},"skip":true},"12":{"name":"(anonymous_12)","line":315,"loc":{"start":{"line":315,"column":32},"end":{"line":315,"column":61}},"skip":true}},"statementMap":{"1":{"start":{"line":26,"column":0},"end":{"line":326,"column":5}},"2":{"start":{"line":28,"column":4},"end":{"line":28,"column":14}},"3":{"start":{"line":33,"column":4},"end":{"line":60,"column":9}},"4":{"start":{"line":35,"column":8},"end":{"line":35,"column":19}},"5":{"start":{"line":37,"column":8},"end":{"line":49,"column":13}},"6":{"start":{"line":38,"column":12},"end":{"line":48,"column":13}},"7":{"start":{"line":39,"column":16},"end":{"line":42,"column":30}},"8":{"start":{"line":44,"column":16},"end":{"line":47,"column":27}},"9":{"start":{"line":51,"column":8},"end":{"line":53,"column":21}},"10":{"start":{"line":55,"column":8},"end":{"line":57,"column":45}},"11":{"start":{"line":59,"column":8},"end":{"line":59,"column":35}},"12":{"start":{"line":61,"column":4},"end":{"line":325,"column":5}},"13":{"start":{"line":69,"column":8},"end":{"line":121,"column":10},"skip":true},"14":{"start":{"line":70,"column":12},"end":{"line":88,"column":13},"skip":true},"15":{"start":{"line":76,"column":16},"end":{"line":87,"column":19},"skip":true},"16":{"start":{"line":79,"column":20},"end":{"line":86,"column":21},"skip":true},"17":{"start":{"line":82,"column":24},"end":{"line":82,"column":43},"skip":true},"18":{"start":{"line":83,"column":24},"end":{"line":83,"column":30},"skip":true},"19":{"start":{"line":85,"column":24},"end":{"line":85,"column":49},"skip":true},"20":{"start":{"line":89,"column":12},"end":{"line":107,"column":13},"skip":true},"21":{"start":{"line":92,"column":16},"end":{"line":102,"column":17},"skip":true},"22":{"start":{"line":93,"column":20},"end":{"line":93,"column":86},"skip":true},"23":{"start":{"line":94,"column":20},"end":{"line":95,"column":45},"skip":true},"24":{"start":{"line":96,"column":20},"end":{"line":96,"column":42},"skip":true},"25":{"start":{"line":97,"column":20},"end":{"line":97,"column":48},"skip":true},"26":{"start":{"line":100,"column":20},"end":{"line":100,"column":85},"skip":true},"27":{"start":{"line":101,"column":20},"end":{"line":101,"column":96},"skip":true},"28":{"start":{"line":103,"column":16},"end":{"line":103,"column":22},"skip":true},"29":{"start":{"line":106,"column":16},"end":{"line":106,"column":22},"skip":true},"30":{"start":{"line":108,"column":12},"end":{"line":120,"column":13},"skip":true},"31":{"start":{"line":114,"column":16},"end":{"line":119,"column":17},"skip":true},"32":{"start":{"line":116,"column":20},"end":{"line":116,"column":78},"skip":true},"33":{"start":{"line":118,"column":20},"end":{"line":118,"column":47},"skip":true},"34":{"start":{"line":123,"column":8},"end":{"line":141,"column":11},"skip":true},"35":{"start":{"line":124,"column":12},"end":{"line":124,"column":54},"skip":true},"36":{"start":{"line":125,"column":12},"end":{"line":140,"column":14},"skip":true},"37":{"start":{"line":126,"column":16},"end":{"line":126,"column":28},"skip":true},"38":{"start":{"line":127,"column":16},"end":{"line":127,"column":69},"skip":true},"39":{"start":{"line":128,"column":16},"end":{"line":128,"column":75},"skip":true},"40":{"start":{"line":129,"column":16},"end":{"line":131,"column":17},"skip":true},"41":{"start":{"line":130,"column":20},"end":{"line":130,"column":27},"skip":true},"42":{"start":{"line":133,"column":16},"end":{"line":137,"column":36},"skip":true},"43":{"start":{"line":134,"column":20},"end":{"line":136,"column":55},"skip":true},"44":{"start":{"line":139,"column":16},"end":{"line":139,"column":57},"skip":true},"45":{"start":{"line":143,"column":8},"end":{"line":147,"column":11},"skip":true},"46":{"start":{"line":144,"column":12},"end":{"line":146,"column":15},"skip":true},"47":{"start":{"line":145,"column":16},"end":{"line":145,"column":70},"skip":true},"48":{"start":{"line":149,"column":8},"end":{"line":149,"column":31},"skip":true},"49":{"start":{"line":150,"column":8},"end":{"line":150,"column":14},"skip":true},"50":{"start":{"line":158,"column":8},"end":{"line":158,"column":31},"skip":true},"51":{"start":{"line":160,"column":8},"end":{"line":160,"column":33},"skip":true},"52":{"start":{"line":161,"column":8},"end":{"line":161,"column":37},"skip":true},"53":{"start":{"line":162,"column":8},"end":{"line":162,"column":35},"skip":true},"54":{"start":{"line":164,"column":8},"end":{"line":164,"column":50},"skip":true},"55":{"start":{"line":166,"column":8},"end":{"line":256,"column":2},"skip":true},"56":{"start":{"line":258,"column":8},"end":{"line":286,"column":9},"skip":true},"57":{"start":{"line":259,"column":12},"end":{"line":269,"column":14},"skip":true},"58":{"start":{"line":271,"column":12},"end":{"line":285,"column":19},"skip":true},"59":{"start":{"line":274,"column":20},"end":{"line":274,"column":35},"skip":true},"60":{"start":{"line":275,"column":20},"end":{"line":284,"column":21},"skip":true},"61":{"start":{"line":277,"column":24},"end":{"line":277,"column":64},"skip":true},"62":{"start":{"line":279,"column":24},"end":{"line":279,"column":40},"skip":true},"63":{"start":{"line":281,"column":24},"end":{"line":281,"column":40},"skip":true},"64":{"start":{"line":283,"column":24},"end":{"line":283,"column":39},"skip":true},"65":{"start":{"line":288,"column":8},"end":{"line":290,"column":9},"skip":true},"66":{"start":{"line":289,"column":12},"end":{"line":289,"column":18},"skip":true},"67":{"start":{"line":291,"column":8},"end":{"line":293,"column":54},"skip":true},"68":{"start":{"line":296,"column":8},"end":{"line":301,"column":37},"skip":true},"69":{"start":{"line":303,"column":8},"end":{"line":303,"column":82},"skip":true},"70":{"start":{"line":306,"column":8},"end":{"line":308,"column":9},"skip":true},"71":{"start":{"line":307,"column":12},"end":{"line":307,"column":82},"skip":true},"72":{"start":{"line":310,"column":8},"end":{"line":312,"column":9},"skip":true},"73":{"start":{"line":311,"column":12},"end":{"line":311,"column":18},"skip":true},"74":{"start":{"line":313,"column":8},"end":{"line":313,"column":54},"skip":true},"75":{"start":{"line":314,"column":8},"end":{"line":314,"column":69},"skip":true},"76":{"start":{"line":315,"column":8},"end":{"line":323,"column":36},"skip":true},"77":{"start":{"line":316,"column":12},"end":{"line":316,"column":61},"skip":true},"78":{"start":{"line":317,"column":12},"end":{"line":320,"column":13},"skip":true},"79":{"start":{"line":318,"column":16},"end":{"line":318,"column":75},"skip":true},"80":{"start":{"line":319,"column":16},"end":{"line":319,"column":23},"skip":true},"81":{"start":{"line":321,"column":12},"end":{"line":321,"column":38},"skip":true},"82":{"start":{"line":322,"column":12},"end":{"line":322,"column":27},"skip":true},"83":{"start":{"line":324,"column":8},"end":{"line":324,"column":14},"skip":true}},"branchMap":{"1":{"line":39,"type":"binary-expr","locations":[{"start":{"line":39,"column":23},"end":{"line":39,"column":62}},{"start":{"line":40,"column":20},"end":{"line":40,"column":70}},{"start":{"line":41,"column":20},"end":{"line":41,"column":71}},{"start":{"line":42,"column":20},"end":{"line":42,"column":29}}]},"2":{"line":44,"type":"binary-expr","locations":[{"start":{"line":44,"column":23},"end":{"line":44,"column":37}},{"start":{"line":45,"column":20},"end":{"line":45,"column":61}},{"start":{"line":46,"column":20},"end":{"line":46,"column":70}},{"start":{"line":47,"column":20},"end":{"line":47,"column":26}}]},"3":{"line":51,"type":"cond-expr","locations":[{"start":{"line":52,"column":14},"end":{"line":52,"column":20}},{"start":{"line":53,"column":14},"end":{"line":53,"column":20}}]},"4":{"line":55,"type":"binary-expr","locations":[{"start":{"line":55,"column":16},"end":{"line":55,"column":44}},{"start":{"line":55,"column":49},"end":{"line":57,"column":43}}]},"5":{"line":55,"type":"cond-expr","locations":[{"start":{"line":56,"column":14},"end":{"line":56,"column":60}},{"start":{"line":57,"column":14},"end":{"line":57,"column":43}}]},"6":{"line":61,"type":"switch","locations":[{"start":{"line":68,"column":4},"end":{"line":150,"column":14},"skip":true},{"start":{"line":156,"column":4},"end":{"line":324,"column":14},"skip":true}]},"7":{"line":70,"type":"if","locations":[{"start":{"line":70,"column":12},"end":{"line":70,"column":12},"skip":true},{"start":{"line":70,"column":12},"end":{"line":70,"column":12},"skip":true}]},"8":{"line":70,"type":"binary-expr","locations":[{"start":{"line":70,"column":16},"end":{"line":70,"column":22},"skip":true},{"start":{"line":70,"column":27},"end":{"line":70,"column":32},"skip":true},{"start":{"line":71,"column":20},"end":{"line":71,"column":39},"skip":true},{"start":{"line":72,"column":20},"end":{"line":72,"column":49},"skip":true},{"start":{"line":73,"column":20},"end":{"line":73,"column":58},"skip":true},{"start":{"line":74,"column":20},"end":{"line":74,"column":69},"skip":true}]},"9":{"line":79,"type":"switch","locations":[{"start":{"line":80,"column":20},"end":{"line":80,"column":33},"skip":true},{"start":{"line":81,"column":20},"end":{"line":83,"column":30},"skip":true},{"start":{"line":84,"column":20},"end":{"line":85,"column":49},"skip":true}]},"10":{"line":89,"type":"switch","locations":[{"start":{"line":90,"column":12},"end":{"line":103,"column":22},"skip":true},{"start":{"line":105,"column":12},"end":{"line":106,"column":22},"skip":true}]},"11":{"line":89,"type":"binary-expr","locations":[{"start":{"line":89,"column":20},"end":{"line":89,"column":25},"skip":true},{"start":{"line":89,"column":29},"end":{"line":89,"column":48},"skip":true},{"start":{"line":89,"column":52},"end":{"line":89,"column":74},"skip":true}]},"12":{"line":92,"type":"if","locations":[{"start":{"line":92,"column":16},"end":{"line":92,"column":16},"skip":true},{"start":{"line":92,"column":16},"end":{"line":92,"column":16},"skip":true}]},"13":{"line":108,"type":"if","locations":[{"start":{"line":108,"column":12},"end":{"line":108,"column":12},"skip":true},{"start":{"line":108,"column":12},"end":{"line":108,"column":12},"skip":true}]},"14":{"line":108,"type":"binary-expr","locations":[{"start":{"line":108,"column":16},"end":{"line":108,"column":61},"skip":true},{"start":{"line":108,"column":66},"end":{"line":108,"column":72},"skip":true},{"start":{"line":108,"column":77},"end":{"line":108,"column":82},"skip":true},{"start":{"line":109,"column":20},"end":{"line":109,"column":39},"skip":true},{"start":{"line":110,"column":20},"end":{"line":110,"column":49},"skip":true},{"start":{"line":111,"column":20},"end":{"line":111,"column":58},"skip":true},{"start":{"line":112,"column":20},"end":{"line":112,"column":68},"skip":true}]},"15":{"line":129,"type":"if","locations":[{"start":{"line":129,"column":16},"end":{"line":129,"column":16},"skip":true},{"start":{"line":129,"column":16},"end":{"line":129,"column":16},"skip":true}]},"16":{"line":134,"type":"cond-expr","locations":[{"start":{"line":135,"column":26},"end":{"line":135,"column":29},"skip":true},{"start":{"line":136,"column":26},"end":{"line":136,"column":54},"skip":true}]},"17":{"line":164,"type":"binary-expr","locations":[{"start":{"line":164,"column":27},"end":{"line":164,"column":43},"skip":true},{"start":{"line":164,"column":47},"end":{"line":164,"column":49},"skip":true}]},"18":{"line":258,"type":"if","locations":[{"start":{"line":258,"column":8},"end":{"line":258,"column":8},"skip":true},{"start":{"line":258,"column":8},"end":{"line":258,"column":8},"skip":true}]},"19":{"line":275,"type":"switch","locations":[{"start":{"line":276,"column":20},"end":{"line":277,"column":64},"skip":true},{"start":{"line":278,"column":20},"end":{"line":279,"column":40},"skip":true},{"start":{"line":280,"column":20},"end":{"line":281,"column":40},"skip":true},{"start":{"line":282,"column":20},"end":{"line":283,"column":39},"skip":true}]},"20":{"line":288,"type":"if","locations":[{"start":{"line":288,"column":8},"end":{"line":288,"column":8},"skip":true},{"start":{"line":288,"column":8},"end":{"line":288,"column":8},"skip":true}]},"21":{"line":288,"type":"binary-expr","locations":[{"start":{"line":288,"column":12},"end":{"line":288,"column":40},"skip":true},{"start":{"line":288,"column":44},"end":{"line":288,"column":67},"skip":true}]},"22":{"line":292,"type":"binary-expr","locations":[{"start":{"line":292,"column":12},"end":{"line":292,"column":50},"skip":true},{"start":{"line":293,"column":12},"end":{"line":293,"column":53},"skip":true}]},"23":{"line":297,"type":"binary-expr","locations":[{"start":{"line":297,"column":12},"end":{"line":297,"column":74},"skip":true},{"start":{"line":298,"column":12},"end":{"line":301,"column":36},"skip":true}]},"24":{"line":303,"type":"binary-expr","locations":[{"start":{"line":303,"column":43},"end":{"line":303,"column":75},"skip":true},{"start":{"line":303,"column":79},"end":{"line":303,"column":81},"skip":true}]},"25":{"line":306,"type":"if","locations":[{"start":{"line":306,"column":8},"end":{"line":306,"column":8},"skip":true},{"start":{"line":306,"column":8},"end":{"line":306,"column":8},"skip":true}]},"26":{"line":310,"type":"if","locations":[{"start":{"line":310,"column":8},"end":{"line":310,"column":8},"skip":true},{"start":{"line":310,"column":8},"end":{"line":310,"column":8},"skip":true}]},"27":{"line":313,"type":"binary-expr","locations":[{"start":{"line":313,"column":27},"end":{"line":313,"column":43},"skip":true},{"start":{"line":313,"column":47},"end":{"line":313,"column":53},"skip":true}]},"28":{"line":317,"type":"if","locations":[{"start":{"line":317,"column":12},"end":{"line":317,"column":12},"skip":true},{"start":{"line":317,"column":12},"end":{"line":317,"column":12},"skip":true}]}},"code":["/*","example.js","","quickstart example","","instruction","    1. save this script as example.js","    2. run the shell command:","        $ npm install npmtest-grunt-typescript && PORT=8081 node example.js","    3. play with the browser-demo on http://127.0.0.1:8081","*/","","","","/* istanbul instrument in package npmtest_grunt_typescript */","/*jslint","    bitwise: true,","    browser: true,","    maxerr: 8,","    maxlen: 96,","    node: true,","    nomen: true,","    regexp: true,","    stupid: true","*/","(function () {","    'use strict';","    var local;","","","","    // run shared js-env code - pre-init","    (function () {","        // init local","        local = {};","        // init modeJs","        local.modeJs = (function () {","            try {","                return typeof navigator.userAgent === 'string' &&","                    typeof document.querySelector('body') === 'object' &&","                    typeof XMLHttpRequest.prototype.open === 'function' &&","                    'browser';","            } catch (errorCaughtBrowser) {","                return module.exports &&","                    typeof process.versions.node === 'string' &&","                    typeof require('http').createServer === 'function' &&","                    'node';","            }","        }());","        // init global","        local.global = local.modeJs === 'browser'","            ? window","            : global;","        // init utility2_rollup","        local = local.global.utility2_rollup || (local.modeJs === 'browser'","            ? local.global.utility2_npmtest_grunt_typescript","            : global.utility2_moduleExports);","        // export local","        local.global.local = local;","    }());","    switch (local.modeJs) {","","","","    // post-init","    // run browser js-env code - post-init","    /* istanbul ignore next */","    case 'browser':","        local.testRunBrowser = function (event) {","            if (!event || (event &&","                    event.currentTarget &&","                    event.currentTarget.className &&","                    event.currentTarget.className.includes &&","                    event.currentTarget.className.includes('onreset'))) {","                // reset output","                Array.from(","                    document.querySelectorAll('body > .resettable')","                ).forEach(function (element) {","                    switch (element.tagName) {","                    case 'INPUT':","                    case 'TEXTAREA':","                        element.value = '';","                        break;","                    default:","                        element.textContent = '';","                    }","                });","            }","            switch (event && event.currentTarget && event.currentTarget.id) {","            case 'testRunButton1':","                // show tests","                if (document.querySelector('#testReportDiv1').style.display === 'none') {","                    document.querySelector('#testReportDiv1').style.display = 'block';","                    document.querySelector('#testRunButton1').textContent =","                        'hide internal test';","                    local.modeTest = true;","                    local.testRunDefault(local);","                // hide tests","                } else {","                    document.querySelector('#testReportDiv1').style.display = 'none';","                    document.querySelector('#testRunButton1').textContent = 'run internal test';","                }","                break;","            // custom-case","            default:","                break;","            }","            if (document.querySelector('#inputTextareaEval1') && (!event || (event &&","                    event.currentTarget &&","                    event.currentTarget.className &&","                    event.currentTarget.className.includes &&","                    event.currentTarget.className.includes('oneval')))) {","                // try to eval input-code","                try {","                    /*jslint evil: true*/","                    eval(document.querySelector('#inputTextareaEval1').value);","                } catch (errorCaught) {","                    console.error(errorCaught);","                }","            }","        };","        // log stderr and stdout to #outputTextareaStdout1","        ['error', 'log'].forEach(function (key) {","            console[key + '_original'] = console[key];","            console[key] = function () {","                var element;","                console[key + '_original'].apply(console, arguments);","                element = document.querySelector('#outputTextareaStdout1');","                if (!element) {","                    return;","                }","                // append text to #outputTextareaStdout1","                element.value += Array.from(arguments).map(function (arg) {","                    return typeof arg === 'string'","                        ? arg","                        : JSON.stringify(arg, null, 4);","                }).join(' ') + '\\n';","                // scroll textarea to bottom","                element.scrollTop = element.scrollHeight;","            };","        });","        // init event-handling","        ['change', 'click', 'keyup'].forEach(function (event) {","            Array.from(document.querySelectorAll('.on' + event)).forEach(function (element) {","                element.addEventListener(event, local.testRunBrowser);","            });","        });","        // run tests","        local.testRunBrowser();","        break;","","","","    // run node js-env code - post-init","    /* istanbul ignore next */","    case 'node':","        // export local","        module.exports = local;","        // require modules","        local.fs = require('fs');","        local.http = require('http');","        local.url = require('url');","        // init assets","        local.assetsDict = local.assetsDict || {};","        /* jslint-ignore-begin */","        local.assetsDict['/assets.index.template.html'] = '\\","<!doctype html>\\n\\","<html lang=\"en\">\\n\\","<head>\\n\\","<meta charset=\"UTF-8\">\\n\\","<meta name=\"viewport\" content=\"width=device-width, initial-scale=1\">\\n\\","<title>{{env.npm_package_name}} (v{{env.npm_package_version}})</title>\\n\\","<style>\\n\\","/*csslint\\n\\","    box-sizing: false,\\n\\","    universal-selector: false\\n\\","*/\\n\\","* {\\n\\","    box-sizing: border-box;\\n\\","}\\n\\","body {\\n\\","    background: #dde;\\n\\","    font-family: Arial, Helvetica, sans-serif;\\n\\","    margin: 2rem;\\n\\","}\\n\\","body > * {\\n\\","    margin-bottom: 1rem;\\n\\","}\\n\\",".utility2FooterDiv {\\n\\","    margin-top: 20px;\\n\\","    text-align: center;\\n\\","}\\n\\","</style>\\n\\","<style>\\n\\","/*csslint\\n\\","*/\\n\\","textarea {\\n\\","    font-family: monospace;\\n\\","    height: 10rem;\\n\\","    width: 100%;\\n\\","}\\n\\","textarea[readonly] {\\n\\","    background: #ddd;\\n\\","}\\n\\","</style>\\n\\","</head>\\n\\","<body>\\n\\","<!-- utility2-comment\\n\\","<div id=\"ajaxProgressDiv1\" style=\"background: #d00; height: 2px; left: 0; margin: 0; padding: 0; position: fixed; top: 0; transition: background 0.5s, width 1.5s; width: 25%;\"></div>\\n\\","utility2-comment -->\\n\\","<h1>\\n\\","<!-- utility2-comment\\n\\","    <a\\n\\","        {{#if env.npm_package_homepage}}\\n\\","        href=\"{{env.npm_package_homepage}}\"\\n\\","        {{/if env.npm_package_homepage}}\\n\\","        target=\"_blank\"\\n\\","    >\\n\\","utility2-comment -->\\n\\","        {{env.npm_package_name}} (v{{env.npm_package_version}})\\n\\","<!-- utility2-comment\\n\\","    </a>\\n\\","utility2-comment -->\\n\\","</h1>\\n\\","<h3>{{env.npm_package_description}}</h3>\\n\\","<!-- utility2-comment\\n\\","<h4><a download href=\"assets.app.js\">download standalone app</a></h4>\\n\\","<button class=\"onclick onreset\" id=\"testRunButton1\">run internal test</button><br>\\n\\","<div id=\"testReportDiv1\" style=\"display: none;\"></div>\\n\\","utility2-comment -->\\n\\","\\n\\","\\n\\","\\n\\","<label>stderr and stdout</label>\\n\\","<textarea class=\"resettable\" id=\"outputTextareaStdout1\" readonly></textarea>\\n\\","<!-- utility2-comment\\n\\","{{#if isRollup}}\\n\\","<script src=\"assets.app.js\"></script>\\n\\","{{#unless isRollup}}\\n\\","utility2-comment -->\\n\\","<script src=\"assets.utility2.rollup.js\"></script>\\n\\","<script src=\"jsonp.utility2._stateInit?callback=window.utility2._stateInit\"></script>\\n\\","<script src=\"assets.npmtest_grunt_typescript.rollup.js\"></script>\\n\\","<script src=\"assets.example.js\"></script>\\n\\","<script src=\"assets.test.js\"></script>\\n\\","<!-- utility2-comment\\n\\","{{/if isRollup}}\\n\\","utility2-comment -->\\n\\","<div class=\"utility2FooterDiv\">\\n\\","    [ this app was created with\\n\\","    <a href=\"https://github.com/kaizhu256/node-utility2\" target=\"_blank\">utility2</a>\\n\\","    ]\\n\\","</div>\\n\\","</body>\\n\\","</html>\\n\\","';","        /* jslint-ignore-end */","        if (local.templateRender) {","            local.assetsDict['/'] = local.templateRender(","                local.assetsDict['/assets.index.template.html'],","                {","                    env: local.objectSetDefault(local.env, {","                        npm_package_description: 'the greatest app in the world!',","                        npm_package_name: 'my-app',","                        npm_package_nameAlias: 'my_app',","                        npm_package_version: '0.0.1'","                    })","                }","            );","        } else {","            local.assetsDict['/'] = local.assetsDict['/assets.index.template.html']","                .replace((/\\{\\{env\\.(\\w+?)\\}\\}/g), function (match0, match1) {","                    // jslint-hack","                    String(match0);","                    switch (match1) {","                    case 'npm_package_description':","                        return 'the greatest app in the world!';","                    case 'npm_package_name':","                        return 'my-app';","                    case 'npm_package_nameAlias':","                        return 'my_app';","                    case 'npm_package_version':","                        return '0.0.1';","                    }","                });","        }","        // run the cli","        if (local.global.utility2_rollup || module !== require.main) {","            break;","        }","        local.assetsDict['/assets.example.js'] =","            local.assetsDict['/assets.example.js'] ||","            local.fs.readFileSync(__filename, 'utf8');","        // bug-workaround - long $npm_package_buildCustomOrg","        /* jslint-ignore-begin */","        local.assetsDict['/assets.npmtest_grunt_typescript.rollup.js'] =","            local.assetsDict['/assets.npmtest_grunt_typescript.rollup.js'] ||","            local.fs.readFileSync(","                local.npmtest_grunt_typescript.__dirname + '/lib.npmtest_grunt_typescript.js',","                'utf8'","            ).replace((/^#!/), '//');","        /* jslint-ignore-end */","        local.assetsDict['/favicon.ico'] = local.assetsDict['/favicon.ico'] || '';","        // if $npm_config_timeout_exit exists,","        // then exit this process after $npm_config_timeout_exit ms","        if (Number(process.env.npm_config_timeout_exit)) {","            setTimeout(process.exit, Number(process.env.npm_config_timeout_exit));","        }","        // start server","        if (local.global.utility2_serverHttp1) {","            break;","        }","        process.env.PORT = process.env.PORT || '8081';","        console.error('server starting on port ' + process.env.PORT);","        local.http.createServer(function (request, response) {","            request.urlParsed = local.url.parse(request.url);","            if (local.assetsDict[request.urlParsed.pathname] !== undefined) {","                response.end(local.assetsDict[request.urlParsed.pathname]);","                return;","            }","            response.statusCode = 404;","            response.end();","        }).listen(process.env.PORT);","        break;","    }","}());",""],"l":{"26":2,"28":2,"33":2,"35":2,"37":2,"38":2,"39":2,"44":1,"51":2,"55":2,"59":2,"61":2,"69":1,"70":2,"76":2,"79":2,"82":2,"83":2,"85":1,"89":2,"92":1,"93":1,"94":1,"96":1,"97":1,"100":1,"101":1,"103":1,"106":1,"108":2,"114":1,"116":1,"118":1,"123":1,"124":2,"125":2,"126":3,"127":3,"128":3,"129":3,"130":1,"133":3,"134":3,"139":3,"143":1,"144":3,"145":1,"149":1,"150":1,"158":1,"160":1,"161":1,"162":1,"164":1,"166":1,"258":1,"259":1,"271":1,"274":6,"275":6,"277":1,"279":2,"281":1,"283":2,"288":1,"289":1,"291":1,"296":1,"303":1,"306":1,"307":1,"310":1,"311":1,"313":1,"314":1,"315":1,"316":1,"317":1,"318":1,"319":1,"321":1,"322":1,"324":1}},"/home/travis/build/npmtest/node-npmtest-grunt-typescript/node_modules/grunt-typescript/tasks/modules/compiler.js":{"path":"/home/travis/build/npmtest/node-npmtest-grunt-typescript/node_modules/grunt-typescript/tasks/modules/compiler.js","s":{"1":1,"2":1,"3":1,"4":1,"5":1,"6":1,"7":0,"8":0,"9":0,"10":0,"11":0,"12":0,"13":0,"14":0,"15":0,"16":1,"17":1,"18":0,"19":0,"20":0,"21":0,"22":0,"23":0,"24":0,"25":0,"26":0,"27":0,"28":0,"29":0,"30":1,"31":0,"32":0,"33":1,"34":0,"35":0,"36":0,"37":0,"38":0,"39":1,"40":0,"41":0,"42":0,"43":0,"44":0,"45":0,"46":0,"47":0,"48":0,"49":1,"50":0,"51":0,"52":0,"53":0,"54":0,"55":0,"56":0,"57":0,"58":0,"59":0,"60":1,"61":0,"62":0,"63":0,"64":0,"65":0,"66":0,"67":0,"68":0,"69":0,"70":0,"71":0,"72":0,"73":0,"74":0,"75":0,"76":0,"77":0,"78":0,"79":0,"80":0,"81":0,"82":0,"83":0,"84":0,"85":0,"86":0,"87":0,"88":0,"89":0,"90":1,"91":0,"92":0,"93":1,"94":0,"95":0,"96":0,"97":0,"98":0,"99":0,"100":0,"101":0,"102":0,"103":0,"104":0,"105":1,"106":0,"107":0,"108":0,"109":0,"110":0,"111":1,"112":0,"113":0,"114":0,"115":0,"116":0,"117":0,"118":0,"119":0,"120":0,"121":0,"122":0,"123":0,"124":0},"b":{"1":[0,0],"2":[0,0],"3":[0,0],"4":[0,0],"5":[0,0],"6":[0,0],"7":[0,0],"8":[0,0],"9":[0,0],"10":[0,0],"11":[0,0],"12":[0,0],"13":[0,0],"14":[0,0],"15":[0,0],"16":[0,0],"17":[0,0],"18":[0,0],"19":[0,0],"20":[0,0],"21":[0,0],"22":[0,0],"23":[0,0],"24":[0,0],"25":[0,0],"26":[0,0],"27":[0,0],"28":[0,0],"29":[0,0]},"f":{"1":0,"2":0,"3":0,"4":0,"5":0,"6":0,"7":0,"8":0,"9":0,"10":0,"11":0,"12":0,"13":0,"14":0,"15":0,"16":0,"17":0,"18":0,"19":0,"20":0,"21":0,"22":0,"23":0,"24":0,"25":0},"fnMap":{"1":{"name":"execute","line":13,"loc":{"start":{"line":13,"column":0},"end":{"line":13,"column":23}}},"2":{"name":"(anonymous_2)","line":14,"loc":{"start":{"line":14,"column":82},"end":{"line":14,"column":109}}},"3":{"name":"watch","line":35,"loc":{"start":{"line":35,"column":0},"end":{"line":35,"column":21}}},"4":{"name":"(anonymous_4)","line":36,"loc":{"start":{"line":36,"column":123},"end":{"line":36,"column":140}}},"5":{"name":"(anonymous_5)","line":37,"loc":{"start":{"line":37,"column":51},"end":{"line":37,"column":63}}},"6":{"name":"(anonymous_6)","line":43,"loc":{"start":{"line":43,"column":16},"end":{"line":43,"column":28}}},"7":{"name":"(anonymous_7)","line":46,"loc":{"start":{"line":46,"column":49},"end":{"line":46,"column":72}}},"8":{"name":"(anonymous_8)","line":47,"loc":{"start":{"line":47,"column":49},"end":{"line":47,"column":61}}},"9":{"name":"(anonymous_9)","line":52,"loc":{"start":{"line":52,"column":31},"end":{"line":52,"column":43}}},"10":{"name":"writeWatching","line":60,"loc":{"start":{"line":60,"column":0},"end":{"line":60,"column":34}}},"11":{"name":"recompile","line":64,"loc":{"start":{"line":64,"column":0},"end":{"line":64,"column":38}}},"12":{"name":"runTask","line":70,"loc":{"start":{"line":70,"column":0},"end":{"line":70,"column":30}}},"13":{"name":"(anonymous_13)","line":73,"loc":{"start":{"line":73,"column":28},"end":{"line":73,"column":61}}},"14":{"name":"(anonymous_14)","line":75,"loc":{"start":{"line":75,"column":45},"end":{"line":75,"column":58}}},"15":{"name":"(anonymous_15)","line":81,"loc":{"start":{"line":81,"column":11},"end":{"line":81,"column":40}}},"16":{"name":"asyncEach","line":87,"loc":{"start":{"line":87,"column":0},"end":{"line":87,"column":36}}},"17":{"name":"(anonymous_17)","line":88,"loc":{"start":{"line":88,"column":23},"end":{"line":88,"column":50}}},"18":{"name":"(anonymous_18)","line":89,"loc":{"start":{"line":89,"column":42},"end":{"line":89,"column":55}}},"19":{"name":"(anonymous_19)","line":95,"loc":{"start":{"line":95,"column":30},"end":{"line":95,"column":42}}},"20":{"name":"compile","line":103,"loc":{"start":{"line":103,"column":0},"end":{"line":103,"column":23}}},"21":{"name":"getTargetFiles","line":141,"loc":{"start":{"line":141,"column":0},"end":{"line":141,"column":33}}},"22":{"name":"reportDiagnostic","line":145,"loc":{"start":{"line":145,"column":0},"end":{"line":145,"column":46}}},"23":{"name":"reportDiagnostics","line":161,"loc":{"start":{"line":161,"column":0},"end":{"line":161,"column":48}}},"24":{"name":"writeTsConfig","line":168,"loc":{"start":{"line":168,"column":0},"end":{"line":168,"column":53}}},"25":{"name":"(anonymous_25)","line":207,"loc":{"start":{"line":207,"column":31},"end":{"line":207,"column":53}}}},"statementMap":{"1":{"start":{"line":8,"column":0},"end":{"line":8,"column":31}},"2":{"start":{"line":9,"column":0},"end":{"line":9,"column":29}},"3":{"start":{"line":10,"column":0},"end":{"line":10,"column":34}},"4":{"start":{"line":11,"column":0},"end":{"line":11,"column":34}},"5":{"start":{"line":12,"column":0},"end":{"line":12,"column":24}},"6":{"start":{"line":13,"column":0},"end":{"line":33,"column":1}},"7":{"start":{"line":14,"column":4},"end":{"line":31,"column":7}},"8":{"start":{"line":15,"column":8},"end":{"line":30,"column":9}},"9":{"start":{"line":16,"column":12},"end":{"line":16,"column":24}},"10":{"start":{"line":19,"column":12},"end":{"line":29,"column":13}},"11":{"start":{"line":20,"column":16},"end":{"line":25,"column":17}},"12":{"start":{"line":21,"column":20},"end":{"line":21,"column":39}},"13":{"start":{"line":24,"column":20},"end":{"line":24,"column":34}},"14":{"start":{"line":28,"column":16},"end":{"line":28,"column":30}},"15":{"start":{"line":32,"column":4},"end":{"line":32,"column":19}},"16":{"start":{"line":34,"column":0},"end":{"line":34,"column":26}},"17":{"start":{"line":35,"column":0},"end":{"line":59,"column":1}},"18":{"start":{"line":36,"column":4},"end":{"line":50,"column":7}},"19":{"start":{"line":37,"column":8},"end":{"line":45,"column":11}},"20":{"start":{"line":38,"column":12},"end":{"line":41,"column":13}},"21":{"start":{"line":40,"column":16},"end":{"line":40,"column":44}},"22":{"start":{"line":42,"column":12},"end":{"line":42,"column":49}},"23":{"start":{"line":44,"column":12},"end":{"line":44,"column":37}},"24":{"start":{"line":47,"column":8},"end":{"line":49,"column":11}},"25":{"start":{"line":48,"column":12},"end":{"line":48,"column":19}},"26":{"start":{"line":51,"column":4},"end":{"line":58,"column":5}},"27":{"start":{"line":52,"column":8},"end":{"line":54,"column":11}},"28":{"start":{"line":53,"column":12},"end":{"line":53,"column":28}},"29":{"start":{"line":57,"column":8},"end":{"line":57,"column":24}},"30":{"start":{"line":60,"column":0},"end":{"line":63,"column":1}},"31":{"start":{"line":61,"column":4},"end":{"line":61,"column":19}},"32":{"start":{"line":62,"column":4},"end":{"line":62,"column":43}},"33":{"start":{"line":64,"column":0},"end":{"line":69,"column":1}},"34":{"start":{"line":65,"column":4},"end":{"line":65,"column":53}},"35":{"start":{"line":65,"column":34},"end":{"line":65,"column":51}},"36":{"start":{"line":66,"column":4},"end":{"line":66,"column":37}},"37":{"start":{"line":67,"column":4},"end":{"line":67,"column":38}},"38":{"start":{"line":68,"column":4},"end":{"line":68,"column":25}},"39":{"start":{"line":70,"column":0},"end":{"line":86,"column":1}},"40":{"start":{"line":71,"column":4},"end":{"line":71,"column":32}},"41":{"start":{"line":72,"column":4},"end":{"line":72,"column":35}},"42":{"start":{"line":73,"column":4},"end":{"line":85,"column":7}},"43":{"start":{"line":74,"column":8},"end":{"line":74,"column":59}},"44":{"start":{"line":75,"column":8},"end":{"line":75,"column":89}},"45":{"start":{"line":75,"column":60},"end":{"line":75,"column":85}},"46":{"start":{"line":76,"column":8},"end":{"line":84,"column":11}},"47":{"start":{"line":82,"column":12},"end":{"line":82,"column":55}},"48":{"start":{"line":83,"column":12},"end":{"line":83,"column":19}},"49":{"start":{"line":87,"column":0},"end":{"line":102,"column":1}},"50":{"start":{"line":88,"column":4},"end":{"line":101,"column":7}},"51":{"start":{"line":89,"column":8},"end":{"line":99,"column":10}},"52":{"start":{"line":90,"column":12},"end":{"line":93,"column":13}},"53":{"start":{"line":91,"column":16},"end":{"line":91,"column":35}},"54":{"start":{"line":92,"column":16},"end":{"line":92,"column":23}},"55":{"start":{"line":94,"column":12},"end":{"line":94,"column":32}},"56":{"start":{"line":95,"column":12},"end":{"line":98,"column":15}},"57":{"start":{"line":96,"column":16},"end":{"line":96,"column":26}},"58":{"start":{"line":97,"column":16},"end":{"line":97,"column":24}},"59":{"start":{"line":100,"column":8},"end":{"line":100,"column":16}},"60":{"start":{"line":103,"column":0},"end":{"line":140,"column":1}},"61":{"start":{"line":104,"column":4},"end":{"line":104,"column":118}},"62":{"start":{"line":105,"column":4},"end":{"line":105,"column":42}},"63":{"start":{"line":106,"column":4},"end":{"line":106,"column":46}},"64":{"start":{"line":107,"column":4},"end":{"line":107,"column":37}},"65":{"start":{"line":108,"column":4},"end":{"line":108,"column":73}},"66":{"start":{"line":109,"column":4},"end":{"line":109,"column":56}},"67":{"start":{"line":110,"column":4},"end":{"line":110,"column":35}},"68":{"start":{"line":111,"column":4},"end":{"line":113,"column":5}},"69":{"start":{"line":112,"column":8},"end":{"line":112,"column":21}},"70":{"start":{"line":114,"column":4},"end":{"line":121,"column":5}},"71":{"start":{"line":115,"column":8},"end":{"line":115,"column":53}},"72":{"start":{"line":116,"column":8},"end":{"line":116,"column":39}},"73":{"start":{"line":117,"column":8},"end":{"line":120,"column":9}},"74":{"start":{"line":118,"column":12},"end":{"line":118,"column":59}},"75":{"start":{"line":119,"column":12},"end":{"line":119,"column":43}},"76":{"start":{"line":122,"column":4},"end":{"line":124,"column":5}},"77":{"start":{"line":123,"column":8},"end":{"line":123,"column":21}},"78":{"start":{"line":125,"column":4},"end":{"line":128,"column":5}},"79":{"start":{"line":126,"column":8},"end":{"line":126,"column":45}},"80":{"start":{"line":127,"column":8},"end":{"line":127,"column":20}},"81":{"start":{"line":129,"column":4},"end":{"line":129,"column":27}},"82":{"start":{"line":130,"column":4},"end":{"line":130,"column":36}},"83":{"start":{"line":131,"column":4},"end":{"line":131,"column":46}},"84":{"start":{"line":132,"column":4},"end":{"line":134,"column":5}},"85":{"start":{"line":133,"column":8},"end":{"line":133,"column":21}},"86":{"start":{"line":135,"column":4},"end":{"line":137,"column":5}},"87":{"start":{"line":136,"column":8},"end":{"line":136,"column":39}},"88":{"start":{"line":138,"column":4},"end":{"line":138,"column":41}},"89":{"start":{"line":139,"column":4},"end":{"line":139,"column":16}},"90":{"start":{"line":141,"column":0},"end":{"line":144,"column":1}},"91":{"start":{"line":142,"column":4},"end":{"line":142,"column":75}},"92":{"start":{"line":143,"column":4},"end":{"line":143,"column":38}},"93":{"start":{"line":145,"column":0},"end":{"line":160,"column":1}},"94":{"start":{"line":146,"column":4},"end":{"line":146,"column":46}},"95":{"start":{"line":146,"column":29},"end":{"line":146,"column":44}},"96":{"start":{"line":147,"column":4},"end":{"line":147,"column":39}},"97":{"start":{"line":148,"column":4},"end":{"line":151,"column":5}},"98":{"start":{"line":149,"column":8},"end":{"line":149,"column":86}},"99":{"start":{"line":150,"column":8},"end":{"line":150,"column":102}},"100":{"start":{"line":152,"column":4},"end":{"line":152,"column":76}},"101":{"start":{"line":153,"column":4},"end":{"line":153,"column":133}},"102":{"start":{"line":154,"column":4},"end":{"line":159,"column":5}},"103":{"start":{"line":155,"column":8},"end":{"line":155,"column":31}},"104":{"start":{"line":158,"column":8},"end":{"line":158,"column":32}},"105":{"start":{"line":161,"column":0},"end":{"line":167,"column":1}},"106":{"start":{"line":162,"column":4},"end":{"line":162,"column":46}},"107":{"start":{"line":162,"column":29},"end":{"line":162,"column":44}},"108":{"start":{"line":163,"column":4},"end":{"line":166,"column":5}},"109":{"start":{"line":164,"column":8},"end":{"line":164,"column":32}},"110":{"start":{"line":165,"column":8},"end":{"line":165,"column":36}},"111":{"start":{"line":168,"column":0},"end":{"line":212,"column":1}},"112":{"start":{"line":169,"column":4},"end":{"line":171,"column":5}},"113":{"start":{"line":170,"column":8},"end":{"line":170,"column":15}},"114":{"start":{"line":172,"column":4},"end":{"line":172,"column":47}},"115":{"start":{"line":173,"column":4},"end":{"line":175,"column":5}},"116":{"start":{"line":174,"column":8},"end":{"line":174,"column":66}},"117":{"start":{"line":176,"column":4},"end":{"line":176,"column":67}},"118":{"start":{"line":177,"column":4},"end":{"line":177,"column":68}},"119":{"start":{"line":178,"column":4},"end":{"line":178,"column":35}},"120":{"start":{"line":179,"column":4},"end":{"line":208,"column":6}},"121":{"start":{"line":207,"column":55},"end":{"line":207,"column":123}},"122":{"start":{"line":209,"column":4},"end":{"line":209,"column":43}},"123":{"start":{"line":210,"column":4},"end":{"line":210,"column":69}},"124":{"start":{"line":211,"column":4},"end":{"line":211,"column":61}}},"branchMap":{"1":{"line":15,"type":"if","locations":[{"start":{"line":15,"column":8},"end":{"line":15,"column":8}},{"start":{"line":15,"column":8},"end":{"line":15,"column":8}}]},"2":{"line":20,"type":"if","locations":[{"start":{"line":20,"column":16},"end":{"line":20,"column":16}},{"start":{"line":20,"column":16},"end":{"line":20,"column":16}}]},"3":{"line":38,"type":"if","locations":[{"start":{"line":38,"column":12},"end":{"line":38,"column":12}},{"start":{"line":38,"column":12},"end":{"line":38,"column":12}}]},"4":{"line":51,"type":"if","locations":[{"start":{"line":51,"column":4},"end":{"line":51,"column":4}},{"start":{"line":51,"column":4},"end":{"line":51,"column":4}}]},"5":{"line":65,"type":"if","locations":[{"start":{"line":65,"column":4},"end":{"line":65,"column":4}},{"start":{"line":65,"column":4},"end":{"line":65,"column":4}}]},"6":{"line":75,"type":"cond-expr","locations":[{"start":{"line":75,"column":73},"end":{"line":75,"column":79}},{"start":{"line":75,"column":82},"end":{"line":75,"column":84}}]},"7":{"line":90,"type":"if","locations":[{"start":{"line":90,"column":12},"end":{"line":90,"column":12}},{"start":{"line":90,"column":12},"end":{"line":90,"column":12}}]},"8":{"line":111,"type":"if","locations":[{"start":{"line":111,"column":4},"end":{"line":111,"column":4}},{"start":{"line":111,"column":4},"end":{"line":111,"column":4}}]},"9":{"line":114,"type":"if","locations":[{"start":{"line":114,"column":4},"end":{"line":114,"column":4}},{"start":{"line":114,"column":4},"end":{"line":114,"column":4}}]},"10":{"line":117,"type":"if","locations":[{"start":{"line":117,"column":8},"end":{"line":117,"column":8}},{"start":{"line":117,"column":8},"end":{"line":117,"column":8}}]},"11":{"line":122,"type":"if","locations":[{"start":{"line":122,"column":4},"end":{"line":122,"column":4}},{"start":{"line":122,"column":4},"end":{"line":122,"column":4}}]},"12":{"line":125,"type":"if","locations":[{"start":{"line":125,"column":4},"end":{"line":125,"column":4}},{"start":{"line":125,"column":4},"end":{"line":125,"column":4}}]},"13":{"line":132,"type":"if","locations":[{"start":{"line":132,"column":4},"end":{"line":132,"column":4}},{"start":{"line":132,"column":4},"end":{"line":132,"column":4}}]},"14":{"line":135,"type":"if","locations":[{"start":{"line":135,"column":4},"end":{"line":135,"column":4}},{"start":{"line":135,"column":4},"end":{"line":135,"column":4}}]},"15":{"line":146,"type":"if","locations":[{"start":{"line":146,"column":4},"end":{"line":146,"column":4}},{"start":{"line":146,"column":4},"end":{"line":146,"column":4}}]},"16":{"line":148,"type":"if","locations":[{"start":{"line":148,"column":4},"end":{"line":148,"column":4}},{"start":{"line":148,"column":4},"end":{"line":148,"column":4}}]},"17":{"line":154,"type":"if","locations":[{"start":{"line":154,"column":4},"end":{"line":154,"column":4}},{"start":{"line":154,"column":4},"end":{"line":154,"column":4}}]},"18":{"line":162,"type":"if","locations":[{"start":{"line":162,"column":4},"end":{"line":162,"column":4}},{"start":{"line":162,"column":4},"end":{"line":162,"column":4}}]},"19":{"line":169,"type":"if","locations":[{"start":{"line":169,"column":4},"end":{"line":169,"column":4}},{"start":{"line":169,"column":4},"end":{"line":169,"column":4}}]},"20":{"line":173,"type":"if","locations":[{"start":{"line":173,"column":4},"end":{"line":173,"column":4}},{"start":{"line":173,"column":4},"end":{"line":173,"column":4}}]},"21":{"line":189,"type":"cond-expr","locations":[{"start":{"line":189,"column":52},"end":{"line":189,"column":57}},{"start":{"line":190,"column":16},"end":{"line":191,"column":69}}]},"22":{"line":190,"type":"cond-expr","locations":[{"start":{"line":190,"column":48},"end":{"line":190,"column":53}},{"start":{"line":191,"column":20},"end":{"line":191,"column":69}}]},"23":{"line":191,"type":"cond-expr","locations":[{"start":{"line":191,"column":52},"end":{"line":191,"column":57}},{"start":{"line":191,"column":60},"end":{"line":191,"column":69}}]},"24":{"line":193,"type":"cond-expr","locations":[{"start":{"line":193,"column":52},"end":{"line":193,"column":57}},{"start":{"line":194,"column":16},"end":{"line":196,"column":73}}]},"25":{"line":194,"type":"cond-expr","locations":[{"start":{"line":194,"column":53},"end":{"line":194,"column":63}},{"start":{"line":195,"column":20},"end":{"line":196,"column":73}}]},"26":{"line":195,"type":"cond-expr","locations":[{"start":{"line":195,"column":55},"end":{"line":195,"column":63}},{"start":{"line":196,"column":24},"end":{"line":196,"column":73}}]},"27":{"line":196,"type":"cond-expr","locations":[{"start":{"line":196,"column":56},"end":{"line":196,"column":61}},{"start":{"line":196,"column":64},"end":{"line":196,"column":73}}]},"28":{"line":201,"type":"cond-expr","locations":[{"start":{"line":201,"column":73},"end":{"line":201,"column":79}},{"start":{"line":202,"column":16},"end":{"line":202,"column":70}}]},"29":{"line":202,"type":"cond-expr","locations":[{"start":{"line":202,"column":54},"end":{"line":202,"column":58}},{"start":{"line":202,"column":61},"end":{"line":202,"column":70}}]}},"code":["///<reference path=\"../../typings/typescript.d.ts\" />","///<reference path=\"../../typings/node.d.ts\" />","///<reference path=\"../../typings/grunt.d.ts\" />","///<reference path=\"./util.ts\" />","///<reference path=\"../../typings/bluebird.d.ts\" />","///<reference path=\"./task.ts\" />","///<reference path=\"./watcher.ts\" />","var ts = require(\"typescript\");","var util = require(\"./util\");","var watche = require(\"./watcher\");","var Promise = require(\"bluebird\");","var _os = require(\"os\");","function execute(task) {","    var host = task.getHost(), options = task.getOptions(), promise = new Promise(function (resolve, reject) {","        if (options.watch) {","            watch(task);","        }","        else {","            try {","                if (compile(task)) {","                    resolve(undefined);","                }","                else {","                    reject(false);","                }","            }","            catch (e) {","                reject(false);","            }","        }","    });","    return promise;","}","exports.execute = execute;","function watch(task) {","    var options = task.getOptions(), watchOpt = options.watch, watchPath = watchOpt.path, targetPaths = {}, startCompile = function (files) {","        return runTask(task, watchOpt.before).then(function () {","            if (!recompile(task, files)) {","                //失敗だった場合はリセット","                task.getHost().reset(files);","            }","            return runTask(task, watchOpt.after);","        }).then(function () {","            writeWatching(watchPath);","        });","    }, watcher = watche.createWatcher(watchPath, function (files, done) {","        startCompile(Object.keys(files)).finally(function () {","            done();","        });","    });","    if (watchOpt.atBegin) {","        startCompile().finally(function () {","            watcher.start();","        });","    }","    else {","        watcher.start();","    }","}","function writeWatching(watchPath) {","    util.write(\"\");","    util.write(\"Watching... \" + watchPath);","}","function recompile(task, updateFiles) {","    if (updateFiles === void 0) { updateFiles = []; }","    task.verbose(\"--task.recompile\");","    task.getHost().reset(updateFiles);","    return compile(task);","}","function runTask(task, tasks) {","    var grunt = task.getGrunt();","    task.verbose(\"--task.runTask\");","    return asyncEach(tasks, function (taskName, index, next) {","        task.verbose(\"  external task start: \" + taskName);","        var flags = grunt.option.flags().map(function (f) { return !!f ? f + \"\" : \"\"; });","        grunt.util.spawn({","            cmd: undefined,","            grunt: true,","            args: [taskName].concat(flags),","            opts: { stdio: 'inherit' }","        }, function (err, result, code) {","            task.verbose(\"external task end: \" + task);","            next();","        });","    });","}","function asyncEach(items, callback) {","    return new Promise(function (resolve, reject) {","        var length = items.length, exec = function (i) {","            if (length <= i) {","                resolve(undefined);","                return;","            }","            var item = items[i];","            callback(item, i, function () {","                i = i + 1;","                exec(i);","            });","        };","        exec(0);","    });","}","function compile(task) {","    var start = Date.now(), options = task.getOptions(), host = task.getHost(), targetFiles = getTargetFiles(options);","    task.verbose(\"- write tsconfig.json\");","    writeTsConfig(options, targetFiles, task);","    task.verbose(\"- create program\");","    var program = ts.createProgram(targetFiles, options.tsOptions, host);","    var diagnostics = program.getSyntacticDiagnostics();","    reportDiagnostics(diagnostics);","    if (diagnostics.length) {","        return false;","    }","    if (diagnostics.length === 0) {","        diagnostics = program.getGlobalDiagnostics();","        reportDiagnostics(diagnostics);","        if (diagnostics.length === 0) {","            diagnostics = program.getSemanticDiagnostics();","            reportDiagnostics(diagnostics);","        }","    }","    if (diagnostics.length) {","        return false;","    }","    if (options.tsOptions.noEmit) {","        host.writeResult(Date.now() - start);","        return true;","    }","    task.verbose(\"- emit\");","    var emitOutput = program.emit();","    reportDiagnostics(emitOutput.diagnostics);","    if (emitOutput.diagnostics.length) {","        return false;","    }","    if (emitOutput.emitSkipped) {","        task.verbose(\"  emit skipped\");","    }","    host.writeResult(Date.now() - start);","    return true;","}","function getTargetFiles(options) {","    var codeFiles = options.targetFiles(), libFiles = options.references();","    return libFiles.concat(codeFiles);","}","function reportDiagnostic(diagnostic, isWarn) {","    if (isWarn === void 0) { isWarn = false; }","    var output = \"\", newLine = _os.EOL;","    if (diagnostic.file) {","        var loc = ts.getLineAndCharacterOfPosition(diagnostic.file, diagnostic.start);","        output += diagnostic.file.fileName + \"(\" + (loc.line + 1) + \",\" + (loc.character + 1) + \"): \";","    }","    var category = ts.DiagnosticCategory[diagnostic.category].toLowerCase();","    output += category + \" TS\" + diagnostic.code + \": \" + ts.flattenDiagnosticMessageText(diagnostic.messageText, newLine) + newLine;","    if (isWarn) {","        util.writeWarn(output);","    }","    else {","        util.writeError(output);","    }","}","function reportDiagnostics(diagnostics, isWarn) {","    if (isWarn === void 0) { isWarn = false; }","    for (var _i = 0; _i < diagnostics.length; _i++) {","        var d = diagnostics[_i];","        reportDiagnostic(d, isWarn);","    }","}","function writeTsConfig(options, targetFiles, logger) {","    if (!options.generateTsConfig) {","        return;","    }","    var outputDir = util.getCurrentDirectory();","    if (typeof options.generateTsConfig === \"string\") {","        outputDir = util.abs(options.generateTsConfig.toString());","    }","    var outputFile = util.combinePaths(outputDir, \"tsconfig.json\");","    logger.verbose(\"  dir: \" + outputDir + \", file: \" + outputFile);","    var tsOpts = options.tsOptions;","    var config = {","        compilerOptions: {","            removeComments: tsOpts.removeComments,","            sourceMap: tsOpts.sourceMap,","            declaration: tsOpts.declaration,","            out: tsOpts.out,","            outDir: tsOpts.outDir,","            noLib: tsOpts.noLib,","            noImplicitAny: tsOpts.noImplicitAny,","            noResolve: tsOpts.noResolve,","            target: tsOpts.target === 0 /* ES3 */ ? \"es3\" :","                tsOpts.target === 1 /* ES5 */ ? \"es5\" :","                    tsOpts.target === 2 /* ES6 */ ? \"es6\" : undefined,","            rootDir: tsOpts.rootDir,","            module: tsOpts.module === 2 /* AMD */ ? \"amd\" :","                tsOpts.module === 1 /* CommonJS */ ? \"commonjs\" :","                    tsOpts.module === 4 /* System */ ? \"system\" :","                        tsOpts.module === 3 /* UMD */ ? \"umd\" : undefined,","            preserveConstEnums: tsOpts.preserveConstEnums,","            noEmitOnError: tsOpts.noEmitOnError,","            suppressImplicitAnyIndexErrors: tsOpts.suppressImplicitAnyIndexErrors,","            emitDecoratorMetadata: tsOpts.emitDecoratorMetadata,","            newLine: tsOpts.newLine === 0 /* CarriageReturnLineFeed */ ? \"crlf\" :","                tsOpts.newLine === 1 /* LineFeed */ ? \"lf\" : undefined,","            inlineSourceMap: tsOpts.inlineSourceMap,","            inlineSources: tsOpts.inlineSources,","            noEmitHelper: tsOpts.noEmitHelpers","        },","        files: targetFiles.map(function (targetFile) { return util.normalizePath(util.relativePath(outputDir, targetFile)); })","    };","    util.createDirectoryRecurse(outputDir);","    util.writeFile(outputFile, JSON.stringify(config, null, \"    \"));","    util.writeInfo(\"tsconfig.json generated: \" + outputFile);","}",""],"l":{"8":1,"9":1,"10":1,"11":1,"12":1,"13":1,"14":0,"15":0,"16":0,"19":0,"20":0,"21":0,"24":0,"28":0,"32":0,"34":1,"35":1,"36":0,"37":0,"38":0,"40":0,"42":0,"44":0,"47":0,"48":0,"51":0,"52":0,"53":0,"57":0,"60":1,"61":0,"62":0,"64":1,"65":0,"66":0,"67":0,"68":0,"70":1,"71":0,"72":0,"73":0,"74":0,"75":0,"76":0,"82":0,"83":0,"87":1,"88":0,"89":0,"90":0,"91":0,"92":0,"94":0,"95":0,"96":0,"97":0,"100":0,"103":1,"104":0,"105":0,"106":0,"107":0,"108":0,"109":0,"110":0,"111":0,"112":0,"114":0,"115":0,"116":0,"117":0,"118":0,"119":0,"122":0,"123":0,"125":0,"126":0,"127":0,"129":0,"130":0,"131":0,"132":0,"133":0,"135":0,"136":0,"138":0,"139":0,"141":1,"142":0,"143":0,"145":1,"146":0,"147":0,"148":0,"149":0,"150":0,"152":0,"153":0,"154":0,"155":0,"158":0,"161":1,"162":0,"163":0,"164":0,"165":0,"168":1,"169":0,"170":0,"172":0,"173":0,"174":0,"176":0,"177":0,"178":0,"179":0,"207":0,"209":0,"210":0,"211":0}},"/home/travis/build/npmtest/node-npmtest-grunt-typescript/node_modules/grunt-typescript/tasks/modules/util.js":{"path":"/home/travis/build/npmtest/node-npmtest-grunt-typescript/node_modules/grunt-typescript/tasks/modules/util.js","s":{"1":1,"2":1,"3":0,"4":1,"5":1,"6":0,"7":1,"8":1,"9":0,"10":1,"11":1,"12":0,"13":1,"14":1,"15":0,"16":1,"17":1,"18":1,"19":0,"20":1,"21":1,"22":1,"23":1,"24":0,"25":0,"26":0,"27":0,"28":0,"29":0,"30":0,"31":0,"32":0,"33":0,"34":0,"35":0,"36":0,"37":0,"38":0,"39":0,"40":0,"41":0,"42":1,"43":1,"44":0,"45":1,"46":1,"47":1,"48":0,"49":0,"50":0,"51":0,"52":0,"53":0,"54":0,"55":0,"56":0,"57":0,"58":1,"59":0,"60":0,"61":0,"62":0,"63":1,"64":1,"65":0,"66":0,"67":0,"68":0,"69":0,"70":0,"71":0,"72":0,"73":0,"74":1,"75":1,"76":0,"77":1,"78":1,"79":0,"80":0,"81":0,"82":0,"83":0,"84":0,"85":0,"86":0,"87":0,"88":0,"89":0,"90":0,"91":0,"92":0,"93":0,"94":0,"95":1,"96":1,"97":0,"98":0,"99":0,"100":1,"101":1,"102":0,"103":1,"104":1,"105":0,"106":1,"107":1,"108":0,"109":1,"110":1,"111":0,"112":1,"113":1,"114":0,"115":0,"116":1,"117":1,"118":0,"119":0,"120":0,"121":0,"122":1,"123":1,"124":0,"125":1,"126":1,"127":0,"128":1,"129":1,"130":0,"131":1,"132":1,"133":0,"134":1,"135":1,"136":0,"137":1,"138":1,"139":0,"140":1,"141":1,"142":0,"143":1},"b":{"1":[0,0],"2":[0,0],"3":[0,0],"4":[0,0],"5":[0,0],"6":[0,0],"7":[0,0],"8":[0,0],"9":[0,0],"10":[0,0,0],"11":[0,0],"12":[0,0],"13":[0,0],"14":[0,0],"15":[0,0],"16":[0,0],"17":[0,0],"18":[0,0],"19":[0,0],"20":[0,0,0],"21":[0,0],"22":[0,0,0],"23":[0,0],"24":[0,0,0,0],"25":[0,0],"26":[0,0],"27":[0,0],"28":[0,0],"29":[0,0],"30":[0,0]},"f":{"1":0,"2":0,"3":0,"4":0,"5":0,"6":0,"7":0,"8":0,"9":0,"10":0,"11":0,"12":0,"13":0,"14":0,"15":0,"16":0,"17":0,"18":0,"19":0,"20":0,"21":0,"22":0,"23":0,"24":0,"25":0,"26":0,"27":0},"fnMap":{"1":{"name":"isStr","line":6,"loc":{"start":{"line":6,"column":0},"end":{"line":6,"column":20}}},"2":{"name":"isBool","line":13,"loc":{"start":{"line":13,"column":0},"end":{"line":13,"column":21}}},"3":{"name":"isArray","line":20,"loc":{"start":{"line":20,"column":0},"end":{"line":20,"column":22}}},"4":{"name":"isUndef","line":27,"loc":{"start":{"line":27,"column":0},"end":{"line":27,"column":22}}},"5":{"name":"getBinDir","line":34,"loc":{"start":{"line":34,"column":0},"end":{"line":34,"column":21}}},"6":{"name":"hasProperty","line":40,"loc":{"start":{"line":40,"column":0},"end":{"line":40,"column":33}}},"7":{"name":"getRootLength","line":46,"loc":{"start":{"line":46,"column":0},"end":{"line":46,"column":29}}},"8":{"name":"normalizeSlashes","line":72,"loc":{"start":{"line":72,"colu
[...]
start":{"line":201,"column":12},"end":{"line":201,"column":12}},{"start":{"line":201,"column":12},"end":{"line":201,"column":12}}]},"58":{"line":201,"type":"binary-expr","locations":[{"start":{"line":201,"column":16},"end":{"line":201,"column":39}},{"start":{"line":201,"column":43},"end":{"line":201,"column":57}}]},"59":{"line":204,"type":"if","locations":[{"start":{"line":204,"column":12},"end":{"line":204,"column":12}},{"start":{"line":204,"column":12},"end":{"line":204,"column":12}}]},"60":{"line":204,"type":"binary-expr","locations":[{"start":{"line":204,"column":16},"end":{"line":204,"column":46}},{"start":{"line":204,"column":50},"end":{"line":204,"column":71}}]},"61":{"line":207,"type":"if","locations":[{"start":{"line":207,"column":12},"end":{"line":207,"column":12}},{"start":{"line":207,"column":12},"end":{"line":207,"column":12}}]},"62":{"line":207,"type":"binary-expr","locations":[{"start":{"line":207,"column":16},"end":{"line":207,"column":45}},{"start":{"line":207,"column":49},"end":{"line":207,"column":69}}]},"63":{"line":214,"type":"if","locations":[{"start":{"line":214,"column":4},"end":{"line":214,"column":4}},{"start":{"line":214,"column":4},"end":{"line":214,"column":4}}]},"64":{"line":233,"type":"cond-expr","locations":[{"start":{"line":233,"column":30},"end":{"line":233,"column":34}},{"start":{"line":233,"column":37},"end":{"line":233,"column":46}}]},"65":{"line":234,"type":"cond-expr","locations":[{"start":{"line":234,"column":33},"end":{"line":234,"column":42}},{"start":{"line":235,"column":16},"end":{"line":235,"column":57}}]},"66":{"line":235,"type":"cond-expr","locations":[{"start":{"line":235,"column":41},"end":{"line":235,"column":50}},{"start":{"line":235,"column":53},"end":{"line":235,"column":57}}]}},"code":["///<reference path=\"../../typings/grunt.d.ts\" />","///<reference path=\"./task.ts\" />","var util = require(\"./util\");","var ts = require(\"typescript\");","var _path = require(\"path\"), _fs = require(\"fs\");","function prepareWatch(opt, files) {","    var after = [], before = [], val = opt.watch, getDirNames = function (files) {","        return files.map(function (file) {","            if (_fs.existsSync(file)) {","                if (_fs.statSync(file).isDirectory()) {","                    return file;","                }","            }","            else {","                if (!_path.extname(file)) {","                    return file;","                }","            }","            return util.normalizePath(_path.resolve(_path.dirname(file)));","        });","    }, extractPath = function (files) {","        var dirNames = getDirNames(files), result = dirNames.reduce(function (prev, curr) {","            if (!prev) {","                return curr;","            }","            var left = util.normalizePath(_path.relative(prev, curr)), right = util.normalizePath(_path.relative(curr, prev)), match = left.match(/^(\\.\\.(\\/)?)+/);","            if (match) {","                return util.normalizePath(_path.resolve(prev, match[0]));","            }","            match = right.match(/^(\\.\\.(\\/)?)+/);","            if (match) {","                return util.normalizePath(_path.resolve(curr, match[0]));","            }","            return prev;","        }, undefined);","        if (result) {","            return [result];","        }","    };","    if (!val) {","        return undefined;","    }","    if (util.isStr(val) || util.isArray(val)) {","        return {","            path: util.isStr(val) ? [val] : val,","            after: [],","            before: [],","            atBegin: false","        };","    }","    if (util.isBool(val) && !!val) {","        return {","            path: extractPath(files),","            after: [],","            before: [],","            atBegin: false","        };","    }","    if (!val.path) {","        val.path = extractPath(files);","        if (!val.path) {","            //util.writeWarn(\"Can't auto detect watch directory. Please place one or more files or set the path option.\");","            return undefined;","        }","    }","    if (val.after && !util.isArray(val.after)) {","        after.push(val.after);","    }","    else if (util.isArray(val.after)) {","        after = val.after;","    }","    if (val.before && !util.isArray(val.before)) {","        before.push(val.before);","    }","    else if (util.isArray(val.before)) {","        before = val.before;","    }","    return {","        path: val.path,","        after: after,","        before: before,","        atBegin: !!val.atBegin","    };","}","function checkBasePath(opt) {","    if (util.isUndef(opt.basePath)) {","        return;","    }","    var result = \"\";","    if (util.isStr(opt.basePath)) {","        result = opt.basePath;","    }","    if (!result) {","        return undefined;","    }","    result = util.normalizePath(result);","    if (result.lastIndexOf(\"/\") !== result.length - 1) {","        result = result + \"/\";","    }","    util.writeWarn(\"BasePath option has been deprecated. Method for determining an output directory has been changed in the same way as the TSC. \" +","        \"Please re-set output directory with the new rootDir option or use keepDirectoryHierachy option. \" +","        \"However, keepDirectoryHierachy option would not be available long.\");","    return result;","}","function prepareTarget(opt) {","    var result = 0 /* ES3 */;","    if (opt.target) {","        var temp = (opt.target + \"\").toLowerCase();","        if (temp === 'es3') {","            result = 0 /* ES3 */;","        }","        else if (temp == 'es5') {","            result = 1 /* ES5 */;","        }","        else if (temp == \"es6\") {","            result = 2 /* ES6 */;","        }","    }","    return result;","}","function prepareModule(opt) {","    var result = 0 /* None */;","    if (opt.module) {","        var temp = (opt.module + \"\").toLowerCase();","        if (temp === \"commonjs\" || temp === \"node\") {","            result = 1 /* CommonJS */;","        }","        else if (temp === \"amd\") {","            result = 2 /* AMD */;","        }","        else if (temp === \"system\") {","            result = 4 /* System */;","        }","        else if (temp === \"umd\") {","            result = 3 /* UMD */;","        }","    }","    return result;","}","function prepareNewLine(opt) {","    var result = undefined;","    if (opt.newLine) {","        var temp = (opt.newLine + \"\").toLowerCase();","        if (temp === \"crlf\") {","            result = 0 /* CarriageReturnLineFeed */;","        }","        else if (temp === \"lf\") {","            result = 1 /* LineFeed */;","        }","    }","    return result;","}","function boolOrUndef(source, key, def) {","    var result = util.isUndef(source[key]) ? undefined : !!source[key];","    if (util.isUndef(result) && !util.isUndef(def)) {","        result = def;","    }","    return result;","}","function prepareGenerateTsConfig(opt) {","    var result = false;","    if (!opt.generateTsConfig) {","        return false;","    }","    if (util.isBool(opt.generateTsConfig)) {","        return !!opt.generateTsConfig;","    }","    if (util.isStr(opt.generateTsConfig)) {","        return opt.generateTsConfig + \"\";","    }","    return result;","}","function prepareJsx(opt) {","    var jsx = (opt.jsx + \"\").toLowerCase();","    return jsx === \"react\" ? 2 /* React */ :","        jsx === \"preserve\" ? 1 /* Preserve */ : undefined;","}","function createGruntOption(source, grunt, gruntFile, logger) {","    var dest = util.normalizePath(gruntFile.dest || \"\"), singleFile = !!dest && _path.extname(dest) === \".js\", targetVersion = prepareTarget(source), basePath = checkBasePath(source), rootDir = util.isStr(source.rootDir) ? source.rootDir : undefined, keepDirectoryHierarchy = boolOrUndef(source, \"keepDirectoryHierarchy\");","    function getTargetFiles() {","        return grunt.file.expand(gruntFile.orig.src);","    }","    function getReferences() {","        var target, binPath = util.getBinDir();","        if (!source.references) {","            return [];","        }","        if (util.isStr(source.references)) {","            target = [source.references];","        }","        if (util.isArray(source.references)) {","            target = source.references.concat();","        }","        if (!target) {","            return [];","        }","        target = target.map(function (item) {","            if (item === \"lib.core.d.ts\" || item === \"core\") {","                return util.combinePaths(binPath, targetVersion === 2 /* ES6 */ ? \"lib.core.es6.d.ts\" : \"lib.core.d.ts\");","            }","            if (item === \"lib.dom.d.ts\" || item === \"dom\") {","                return util.combinePaths(binPath, \"lib.dom.d.ts\");","            }","            if (item === \"lib.scriptHost.d.ts\" || item === \"scriptHost\") {","                return util.combinePaths(binPath, \"lib.scriptHost.d.ts\");","            }","            if (item === \"lib.webworker.d.ts\" || item === \"webworker\") {","                return util.combinePaths(binPath, \"lib.webworker.d.ts\");","            }","            return item;","        });","        return grunt.file.expand(target);","    }","    if (keepDirectoryHierarchy) {","        rootDir = undefined;","    }","    else {","        basePath = undefined;","    }","    var result = {","        targetFiles: getTargetFiles,","        dest: dest,","        singleFile: singleFile,","        basePath: basePath,","        keepDirectoryHierarchy: keepDirectoryHierarchy,","        watch: prepareWatch(source, getTargetFiles()),","        references: getReferences,","        generateTsConfig: prepareGenerateTsConfig(source),","        tsOptions: {","            removeComments: boolOrUndef(source, \"removeComments\"),","            sourceMap: boolOrUndef(source, \"sourceMap\"),","            declaration: boolOrUndef(source, \"declaration\"),","            out: singleFile ? dest : undefined,","            outDir: singleFile ? undefined :","                keepDirectoryHierarchy ? undefined : dest,","            noLib: boolOrUndef(source, \"noLib\"),","            noImplicitAny: boolOrUndef(source, \"noImplicitAny\"),","            noResolve: boolOrUndef(source, \"noResolve\"),","            target: targetVersion,","            rootDir: rootDir,","            module: prepareModule(source),","            preserveConstEnums: boolOrUndef(source, \"preserveConstEnums\"),","            noEmitOnError: boolOrUndef(source, \"noEmitOnError\", true),","            suppressImplicitAnyIndexErrors: boolOrUndef(source, \"suppressImplicitAnyIndexErrors\"),","            experimentalDecorators: boolOrUndef(source, \"experimentalDecorators\"),","            emitDecoratorMetadata: boolOrUndef(source, \"emitDecoratorMetadata\"),","            newLine: prepareNewLine(source),","            inlineSourceMap: boolOrUndef(source, \"inlineSourceMap\"),","            inlineSources: boolOrUndef(source, \"inlineSources\"),","            noEmitHelpers: boolOrUndef(source, \"noEmitHelpers\"),","            jsx: prepareJsx(source)","        }","    };","    logger.verbose(\"--option\");","    logger.verbose(JSON.stringify(result, null, \"  \"));","    return result;","}","exports.createGruntOption = createGruntOption;",""],"l":{"3":1,"4":1,"5":1,"6":1,"7":0,"8":0,"9":0,"10":0,"11":0,"15":0,"16":0,"19":0,"22":0,"23":0,"24":0,"26":0,"27":0,"28":0,"30":0,"31":0,"32":0,"34":0,"36":0,"37":0,"40":0,"41":0,"43":0,"44":0,"51":0,"52":0,"59":0,"60":0,"61":0,"63":0,"66":0,"67":0,"69":0,"70":0,"72":0,"73":0,"75":0,"76":0,"78":0,"85":1,"86":0,"87":0,"89":0,"90":0,"91":0,"93":0,"94":0,"96":0,"97":0,"98":0,"100":0,"103":0,"105":1,"106":0,"107":0,"108":0,"109":0,"110":0,"112":0,"113":0,"115":0,"116":0,"119":0,"121":1,"122":0,"123":0,"124":0,"125":0,"126":0,"128":0,"129":0,"131":0,"132":0,"134":0,"135":0,"138":0,"140":1,"141":0,"142":0,"143":0,"144":0,"145":0,"147":0,"148":0,"151":0,"153":1,"154":0,"155":0,"156":0,"158":0,"160":1,"161":0,"162":0,"163":0,"165":0,"166":0,"168":0,"169":0,"171":0,"173":1,"174":0,"175":0,"178":1,"179":0,"180":1,"181":0,"183":1,"184":0,"185":0,"186":0,"188":0,"189":0,"191":0,"192":0,"194":0,"195":0,"197":0,"198":0,"199":0,"201":0,"202":0,"204":0,"205":0,"207":0,"208":0,"210":0,"212":0,"214":0,"215":0,"218":0,"220":0,"254":0,"255":0,"256":0,"258":1}},"/home/travis/build/npmtest/node-npmtest-grunt-typescript/node_modules/grunt-typescript/tasks/modules/task.js":{"path":"/home/travis/build/npmtest/node-npmtest-grunt-typescript/node_modules/grunt-typescript/tasks/modules/task.js","s":{"1":1,"2":1,"3":1,"4":0,"5":0,"6":0,"7":0,"8":0,"9":1,"10":0,"11":0,"12":0,"13":0,"14":0,"15":0,"16":1,"17":1,"18":0,"19":0,"20":0,"21":0,"22":0,"23":1,"24":0,"25":1,"26":0,"27":0,"28":0,"29":1,"30":0,"31":0,"32":0,"33":1,"34":0,"35":0,"36":0,"37":1,"38":1},"b":{"1":[0,0,0],"2":[0,0],"3":[0,0],"4":[0,0],"5":[0,0]},"f":{"1":0,"2":0,"3":1,"4":0,"5":0,"6":0,"7":0,"8":0},"fnMap":{"1":{"name":"prepareStackTrace","line":3,"loc":{"start":{"line":3,"column":0},"end":{"line":3,"column":56}}},"2":{"name":"getTrace","line":27,"loc":{"start":{"line":27,"column":0},"end":{"line":27,"column":26}}},"3":{"name":"(anonymous_3)","line":35,"loc":{"start":{"line":35,"column":12},"end":{"line":35,"column":24}}},"4":{"name":"Task","line":36,"loc":{"start":{"line":36,"column":4},"end":{"line":36,"column":47}}},"5":{"name":"(anonymous_5)","line":43,"loc":{"start":{"line":43,"column":30},"end":{"line":43,"column":42}}},"6":{"name":"(anonymous_6)","line":46,"loc":{"start":{"line":46,"column":32},"end":{"line":46,"column":44}}},"7":{"name":"(anonymous_7)","line":52,"loc":{"start":{"line":52,"column":29},"end":{"line":52,"column":41}}},"8":{"name":"(anonymous_8)","line":58,"loc":{"start":{"line":58,"column":29},"end":{"line":58,"column":55}}}},"statementMap":{"1":{"start":{"line":1,"column":0},"end":{"line":1,"column":33}},"2":{"start":{"line":2,"column":0},"end":{"line":2,"column":29}},"3":{"start":{"line":3,"column":0},"end":{"line":26,"column":1}},"4":{"start":{"line":4,"column":4},"end":{"line":4,"column":19}},"5":{"start":{"line":5,"column":4},"end":{"line":8,"column":5}},"6":{"start":{"line":6,"column":8},"end":{"line":6,"column":45}},"7":{"start":{"line":7,"column":8},"end":{"line":7,"column":126}},"8":{"start":{"line":9,"column":4},"end":{"line":9,"column":17}},"9":{"start":{"line":27,"column":0},"end":{"line":34,"column":1}},"10":{"start":{"line":28,"column":4},"end":{"line":28,"column":66}},"11":{"start":{"line":29,"column":4},"end":{"line":29,"column":53}},"12":{"start":{"line":30,"column":4},"end":{"line":30,"column":46}},"13":{"start":{"line":31,"column":4},"end":{"line":31,"column":28}},"14":{"start":{"line":32,"column":4},"end":{"line":32,"column":37}},"15":{"start":{"line":33,"column":4},"end":{"line":33,"column":17}},"16":{"start":{"line":35,"column":0},"end":{"line":65,"column":5}},"17":{"start":{"line":36,"column":4},"end":{"line":42,"column":5}},"18":{"start":{"line":37,"column":8},"end":{"line":37,"column":29}},"19":{"start":{"line":38,"column":8},"end":{"line":38,"column":31}},"20":{"start":{"line":39,"column":8},"end":{"line":39,"column":37}},"21":{"start":{"line":40,"column":8},"end":{"line":40,"column":27}},"22":{"start":{"line":41,"column":8},"end":{"line":41,"column":36}},"23":{"start":{"line":43,"column":4},"end":{"line":45,"column":6}},"24":{"start":{"line":44,"column":8},"end":{"line":44,"column":27}},"25":{"start":{"line":46,"column":4},"end":{"line":51,"column":6}},"26":{"start":{"line":47,"column":8},"end":{"line":49,"column":9}},"27":{"start":{"line":48,"column":12},"end":{"line":48,"column":103}},"28":{"start":{"line":50,"column":8},"end":{"line":50,"column":29}},"29":{"start":{"line":52,"column":4},"end":{"line":57,"column":6}},"30":{"start":{"line":53,"column":8},"end":{"line":55,"column":9}},"31":{"start":{"line":54,"column":12},"end":{"line":54,"column":79}},"32":{"start":{"line":56,"column":8},"end":{"line":56,"column":26}},"33":{"start":{"line":58,"column":4},"end":{"line":63,"column":6}},"34":{"start":{"line":59,"column":8},"end":{"line":59,"column":99}},"35":{"start":{"line":60,"column":8},"end":{"line":62,"column":9}},"36":{"start":{"line":61,"column":12},"end":{"line":61,"column":68}},"37":{"start":{"line":64,"column":4},"end":{"line":64,"column":16}},"38":{"start":{"line":66,"column":0},"end":{"line":66,"column":20}}},"branchMap":{"1":{"line":7,"type":"binary-expr","locations":[{"start":{"line":7,"column":20},"end":{"line":7,"column":41}},{"start":{"line":7,"column":45},"end":{"line":7,"column":68}},{"start":{"line":7,"column":72},"end":{"line":7,"column":85}}]},"2":{"line":29,"type":"binary-expr","locations":[{"start":{"line":29,"column":33},"end":{"line":29,"column":39}},{"start":{"line":29,"column":43},"end":{"line":29,"column":51}}]},"3":{"line":47,"type":"if","locations":[{"start":{"line":47,"column":8},"end":{"line":47,"column":8}},{"start":{"line":47,"column":8},"end":{"line":47,"column":8}}]},"4":{"line":53,"type":"if","locations":[{"start":{"line":53,"column":8},"end":{"line":53,"column":8}},{"start":{"line":53,"column":8},"end":{"line":53,"column":8}}]},"5":{"line":60,"type":"if","locations":[{"start":{"line":60,"column":8},"end":{"line":60,"column":8}},{"start":{"line":60,"column":8},"end":{"line":60,"column":8}}]}},"code":["var option = require(\"./option\");","var host = require(\"./host\");","function prepareStackTrace(error, structuredStackTrace) {","    var lines = [];","    for (var _i = 0; _i < structuredStackTrace.length; _i++) {","        var trace = structuredStackTrace[_i];","        lines.push((trace.getMethodName() || trace.getFunctionName() || \"<anonymous>\") + \"[L\" + trace.getLineNumber() + \"] \");","    }","    return lines;","    //  ","    //   structuredStackTrace[0];","    //  console.log(structuredStackTrace);","    //  ","    //  ","    //  ","    //  return {","    //    // method name","    //    name: trace.getMethodName() || trace.getFunctionName() || \"<anonymous>\",","    //    // file name","    //    file: trace.getFileName(),","    //    // line number","    //    line: trace.getLineNumber(),","    //    // column number","    //    column: trace.getColumnNumber()","    //  };","}","function getTrace(caller) {","    var err = Error, original = err.prepareStackTrace, error = {};","    err.captureStackTrace(error, caller || getTrace);","    err.prepareStackTrace = prepareStackTrace;","    var stack = error.stack;","    err.prepareStackTrace = original;","    return stack;","}","var Task = (function () {","    function Task(_grunt, _source, _gruntFile) {","        this._grunt = _grunt;","        this._source = _source;","        this._gruntFile = _gruntFile;","        this._initTime = 0;","        this._initTime = Date.now();","    }","    Task.prototype.getGrunt = function () {","        return this._grunt;","    };","    Task.prototype.getOptions = function () {","        if (!this._options) {","            this._options = option.createGruntOption(this._source, this._grunt, this._gruntFile, this);","        }","        return this._options;","    };","    Task.prototype.getHost = function () {","        if (!this._host) {","            this._host = host.createHost(this._grunt, this.getOptions(), this);","        }","        return this._host;","    };","    Task.prototype.verbose = function (message, stack) {","        this._grunt.verbose.writeln((message + \" [\" + (Date.now() - this._initTime) + \"ms]\").grey);","        if (stack) {","            this._grunt.verbose.writeln(getTrace().join(\"\\n\").grey);","        }","    };","    return Task;","})();","exports.Task = Task;",""],"l":{"1":1,"2":1,"3":1,"4":0,"5":0,"6":0,"7":0,"9":0,"27":1,"28":0,"29":0,"30":0,"31":0,"32":0,"33":0,"35":1,"36":1,"37":0,"38":0,"39":0,"40":0,"41":0,"43":1,"44":0,"46":1,"47":0,"48":0,"50":0,"52":1,"53":0,"54":0,"56":0,"58":1,"59":0,"60":0,"61":0,"64":1,"66":1}}}